{"/Users/thanushkanth/Documents/CeyGo/ceygo/backend/src/app.module.ts": {"path":"/Users/thanushkanth/Documents/CeyGo/ceygo/backend/src/app.module.ts","statementMap":{"0":{"start":{"line":1,"column":0},"end":{"line":1,"column":40}},"1":{"start":{"line":2,"column":0},"end":{"line":2,"column":61}},"2":{"start":{"line":3,"column":0},"end":{"line":3,"column":51}},"3":{"start":{"line":4,"column":0},"end":{"line":4,"column":57}},"4":{"start":{"line":5,"column":0},"end":{"line":5,"column":52}},"5":{"start":{"line":6,"column":0},"end":{"line":6,"column":56}},"6":{"start":{"line":7,"column":0},"end":{"line":7,"column":59}},"7":{"start":{"line":8,"column":0},"end":{"line":8,"column":68}},"8":{"start":{"line":9,"column":0},"end":{"line":9,"column":68}},"9":{"start":{"line":10,"column":0},"end":{"line":10,"column":68}},"10":{"start":{"line":11,"column":0},"end":{"line":11,"column":56}},"11":{"start":{"line":12,"column":0},"end":{"line":12,"column":59}},"12":{"start":{"line":13,"column":0},"end":{"line":13,"column":58}},"13":{"start":{"line":14,"column":0},"end":{"line":14,"column":51}},"14":{"start":{"line":15,"column":0},"end":{"line":15,"column":86}},"15":{"start":{"line":78,"column":8},"end":{"line":78,"column":null}},"16":{"start":{"line":78,"column":14},"end":{"line":78,"column":23}},"17":{"start":{"line":78,"column":14},"end":{"line":78,"column":null}},"18":{"start":{"line":29,"column":53},"end":{"line":45,"column":8}}},"fnMap":{"0":{"name":"(anonymous_1)","decl":{"start":{"line":29,"column":18},"end":{"line":29,"column":19}},"loc":{"start":{"line":29,"column":53},"end":{"line":45,"column":8}}}},"branchMap":{"0":{"loc":{"start":{"line":42,"column":17},"end":{"line":42,"column":103}},"type":"cond-expr","locations":[{"start":{"line":42,"column":66},"end":{"line":42,"column":95}},{"start":{"line":42,"column":98},"end":{"line":42,"column":103}}]}},"s":{"0":0,"1":0,"2":0,"3":0,"4":0,"5":0,"6":0,"7":0,"8":0,"9":0,"10":0,"11":0,"12":0,"13":0,"14":0,"15":0,"16":0,"17":0,"18":0},"f":{"0":0},"b":{"0":[0,0]}}
,"/Users/thanushkanth/Documents/CeyGo/ceygo/backend/src/main.ts": {"path":"/Users/thanushkanth/Documents/CeyGo/ceygo/backend/src/main.ts","statementMap":{"0":{"start":{"line":1,"column":0},"end":{"line":1,"column":43}},"1":{"start":{"line":2,"column":0},"end":{"line":2,"column":48}},"2":{"start":{"line":3,"column":0},"end":{"line":3,"column":41}},"3":{"start":{"line":4,"column":0},"end":{"line":4,"column":47}},"4":{"start":{"line":7,"column":14},"end":{"line":7,"column":49}},"5":{"start":{"line":8,"column":24},"end":{"line":8,"column":46}},"6":{"start":{"line":11,"column":20},"end":{"line":11,"column":68}},"7":{"start":{"line":12,"column":2},"end":{"line":12,"column":33}},"8":{"start":{"line":15,"column":2},"end":{"line":21,"column":4}},"9":{"start":{"line":24,"column":21},"end":{"line":24,"column":61}},"10":{"start":{"line":25,"column":2},"end":{"line":27,"column":5}},"11":{"start":{"line":29,"column":15},"end":{"line":29,"column":56}},"12":{"start":{"line":30,"column":2},"end":{"line":30,"column":25}},"13":{"start":{"line":31,"column":2},"end":{"line":31,"column":80}},"14":{"start":{"line":33,"column":0},"end":{"line":33,"column":12}}},"fnMap":{"0":{"name":"bootstrap","decl":{"start":{"line":6,"column":15},"end":{"line":6,"column":24}},"loc":{"start":{"line":6,"column":24},"end":{"line":32,"column":1}}}},"branchMap":{"0":{"loc":{"start":{"line":11,"column":20},"end":{"line":11,"column":68}},"type":"binary-expr","locations":[{"start":{"line":11,"column":20},"end":{"line":11,"column":59}},{"start":{"line":11,"column":63},"end":{"line":11,"column":68}}]},"1":{"loc":{"start":{"line":26,"column":12},"end":{"line":26,"column":52}},"type":"cond-expr","locations":[{"start":{"line":26,"column":25},"end":{"line":26,"column":46}},{"start":{"line":26,"column":49},"end":{"line":26,"column":52}}]},"2":{"loc":{"start":{"line":29,"column":15},"end":{"line":29,"column":56}},"type":"binary-expr","locations":[{"start":{"line":29,"column":15},"end":{"line":29,"column":48}},{"start":{"line":29,"column":52},"end":{"line":29,"column":56}}]}},"s":{"0":0,"1":0,"2":0,"3":0,"4":0,"5":0,"6":0,"7":0,"8":0,"9":0,"10":0,"11":0,"12":0,"13":0,"14":0},"f":{"0":0},"b":{"0":[0,0],"1":[0,0],"2":[0,0]}}
,"/Users/thanushkanth/Documents/CeyGo/ceygo/backend/src/mikro-orm.config.ts": {"path":"/Users/thanushkanth/Documents/CeyGo/ceygo/backend/src/mikro-orm.config.ts","statementMap":{"0":{"start":{"line":1,"column":0},"end":{"line":1,"column":53}},"1":{"start":{"line":2,"column":0},"end":{"line":2,"column":57}},"2":{"start":{"line":3,"column":0},"end":{"line":3,"column":33}},"3":{"start":{"line":5,"column":0},"end":{"line":5,"column":16}},"4":{"start":{"line":7,"column":0},"end":{"line":26,"column":3}}},"fnMap":{},"branchMap":{"0":{"loc":{"start":{"line":10,"column":17},"end":{"line":10,"column":46}},"type":"binary-expr","locations":[{"start":{"line":10,"column":17},"end":{"line":10,"column":36}},{"start":{"line":10,"column":40},"end":{"line":10,"column":46}}]},"1":{"loc":{"start":{"line":19,"column":11},"end":{"line":19,"column":80}},"type":"cond-expr","locations":[{"start":{"line":19,"column":43},"end":{"line":19,"column":72}},{"start":{"line":19,"column":75},"end":{"line":19,"column":80}}]}},"s":{"0":0,"1":0,"2":0,"3":0,"4":0},"f":{},"b":{"0":[0,0],"1":[0,0]}}
,"/Users/thanushkanth/Documents/CeyGo/ceygo/backend/src/common/decorators/roles.decorator.ts": {"path":"/Users/thanushkanth/Documents/CeyGo/ceygo/backend/src/common/decorators/roles.decorator.ts","statementMap":{"0":{"start":{"line":1,"column":0},"end":{"line":1,"column":45}},"1":{"start":{"line":3,"column":13},"end":{"line":3,"column":33}},"2":{"start":{"line":4,"column":21},"end":{"line":4,"column":74}},"3":{"start":{"line":4,"column":45},"end":{"line":4,"column":74}},"4":{"start":{"line":4,"column":13},"end":{"line":4,"column":21}}},"fnMap":{"0":{"name":"(anonymous_0)","decl":{"start":{"line":4,"column":21},"end":{"line":4,"column":22}},"loc":{"start":{"line":4,"column":45},"end":{"line":4,"column":74}}}},"branchMap":{},"s":{"0":0,"1":0,"2":0,"3":0,"4":0},"f":{"0":0},"b":{}}
,"/Users/thanushkanth/Documents/CeyGo/ceygo/backend/src/common/interceptors/smart-cache.interceptor.ts": {"path":"/Users/thanushkanth/Documents/CeyGo/ceygo/backend/src/common/interceptors/smart-cache.interceptor.ts","statementMap":{"0":{"start":{"line":1,"column":0},"end":{"line":1,"column":null}},"1":{"start":{"line":8,"column":0},"end":{"line":8,"column":54}},"2":{"start":{"line":10,"column":0},"end":{"line":10,"column":38}},"3":{"start":{"line":11,"column":0},"end":{"line":11,"column":37}},"4":{"start":{"line":14,"column":7},"end":{"line":41,"column":null}},"5":{"start":{"line":15,"column":45},"end":{"line":15,"column":64}},"6":{"start":{"line":18,"column":20},"end":{"line":18,"column":55}},"7":{"start":{"line":19,"column":25},"end":{"line":19,"column":49}},"8":{"start":{"line":20,"column":20},"end":{"line":20,"column":51}},"9":{"start":{"line":23,"column":4},"end":{"line":25,"column":5}},"10":{"start":{"line":24,"column":6},"end":{"line":24,"column":27}},"11":{"start":{"line":27,"column":21},"end":{"line":27,"column":48}},"12":{"start":{"line":28,"column":27},"end":{"line":28,"column":64}},"13":{"start":{"line":30,"column":4},"end":{"line":32,"column":5}},"14":{"start":{"line":31,"column":6},"end":{"line":31,"column":32}},"15":{"start":{"line":34,"column":4},"end":{"line":39,"column":6}},"16":{"start":{"line":37,"column":8},"end":{"line":37,"column":64}},"17":{"start":{"line":14,"column":13},"end":{"line":14,"column":34}},"18":{"start":{"line":14,"column":13},"end":{"line":41,"column":null}}},"fnMap":{"0":{"name":"(anonymous_4)","decl":{"start":{"line":15,"column":2},"end":{"line":15,"column":15}},"loc":{"start":{"line":15,"column":64},"end":{"line":15,"column":68}}},"1":{"name":"(anonymous_5)","decl":{"start":{"line":17,"column":2},"end":{"line":17,"column":7}},"loc":{"start":{"line":17,"column":62},"end":{"line":40,"column":3}}},"2":{"name":"(anonymous_6)","decl":{"start":{"line":35,"column":10},"end":{"line":35,"column":15}},"loc":{"start":{"line":35,"column":29},"end":{"line":38,"column":7}}}},"branchMap":{"0":{"loc":{"start":{"line":23,"column":4},"end":{"line":25,"column":5}},"type":"if","locations":[{"start":{"line":23,"column":4},"end":{"line":25,"column":5}}]},"1":{"loc":{"start":{"line":23,"column":8},"end":{"line":23,"column":65}},"type":"binary-expr","locations":[{"start":{"line":23,"column":8},"end":{"line":23,"column":21}},{"start":{"line":23,"column":26},"end":{"line":23,"column":33}},{"start":{"line":23,"column":37},"end":{"line":23,"column":64}}]},"2":{"loc":{"start":{"line":30,"column":4},"end":{"line":32,"column":5}},"type":"if","locations":[{"start":{"line":30,"column":4},"end":{"line":32,"column":5}}]}},"s":{"0":0,"1":0,"2":0,"3":0,"4":0,"5":0,"6":0,"7":0,"8":0,"9":0,"10":0,"11":0,"12":0,"13":0,"14":0,"15":0,"16":0,"17":0,"18":0},"f":{"0":0,"1":0,"2":0},"b":{"0":[0],"1":[0,0,0],"2":[0]}}
,"/Users/thanushkanth/Documents/CeyGo/ceygo/backend/src/modules/admin/admin.controller.ts": {"path":"/Users/thanushkanth/Documents/CeyGo/ceygo/backend/src/modules/admin/admin.controller.ts","statementMap":{"0":{"start":{"line":1,"column":0},"end":{"line":1,"column":98}},"1":{"start":{"line":3,"column":0},"end":{"line":3,"column":47}},"2":{"start":{"line":4,"column":0},"end":{"line":4,"column":67}},"3":{"start":{"line":5,"column":0},"end":{"line":5,"column":62}},"4":{"start":{"line":6,"column":0},"end":{"line":6,"column":59}},"5":{"start":{"line":11,"column":7},"end":{"line":81,"column":null}},"6":{"start":{"line":12,"column":31},"end":{"line":12,"column":45}},"7":{"start":{"line":16,"column":4},"end":{"line":16,"column":49}},"8":{"start":{"line":21,"column":4},"end":{"line":21,"column":55}},"9":{"start":{"line":30,"column":4},"end":{"line":30,"column":60}},"10":{"start":{"line":39,"column":4},"end":{"line":39,"column":63}},"11":{"start":{"line":44,"column":4},"end":{"line":44,"column":79}},"12":{"start":{"line":49,"column":4},"end":{"line":49,"column":49}},"13":{"start":{"line":54,"column":4},"end":{"line":54,"column":43}},"14":{"start":{"line":59,"column":4},"end":{"line":59,"column":82}},"15":{"start":{"line":64,"column":4},"end":{"line":64,"column":58}},"16":{"start":{"line":69,"column":4},"end":{"line":69,"column":58}},"17":{"start":{"line":74,"column":19},"end":{"line":74,"column":61}},"18":{"start":{"line":75,"column":4},"end":{"line":78,"column":7}},"19":{"start":{"line":79,"column":4},"end":{"line":79,"column":21}},"20":{"start":{"line":11,"column":13},"end":{"line":11,"column":28}},"21":{"start":{"line":15,"column":2},"end":{"line":17,"column":null}},"22":{"start":{"line":20,"column":2},"end":{"line":22,"column":null}},"23":{"start":{"line":25,"column":2},"end":{"line":31,"column":null}},"24":{"start":{"line":34,"column":2},"end":{"line":40,"column":null}},"25":{"start":{"line":43,"column":2},"end":{"line":45,"column":null}},"26":{"start":{"line":48,"column":2},"end":{"line":50,"column":null}},"27":{"start":{"line":53,"column":2},"end":{"line":55,"column":null}},"28":{"start":{"line":58,"column":2},"end":{"line":60,"column":null}},"29":{"start":{"line":63,"column":2},"end":{"line":65,"column":null}},"30":{"start":{"line":68,"column":2},"end":{"line":70,"column":null}},"31":{"start":{"line":73,"column":8},"end":{"line":80,"column":null}},"32":{"start":{"line":11,"column":13},"end":{"line":81,"column":null}}},"fnMap":{"0":{"name":"(anonymous_4)","decl":{"start":{"line":12,"column":2},"end":{"line":12,"column":31}},"loc":{"start":{"line":12,"column":57},"end":{"line":12,"column":61}}},"1":{"name":"(anonymous_5)","decl":{"start":{"line":15,"column":2},"end":{"line":15,"column":19}},"loc":{"start":{"line":15,"column":19},"end":{"line":17,"column":3}}},"2":{"name":"(anonymous_6)","decl":{"start":{"line":20,"column":2},"end":{"line":20,"column":25}},"loc":{"start":{"line":20,"column":25},"end":{"line":22,"column":3}}},"3":{"name":"(anonymous_7)","decl":{"start":{"line":25,"column":2},"end":{"line":25,"column":12}},"loc":{"start":{"line":28,"column":35},"end":{"line":31,"column":3}}},"4":{"name":"(anonymous_8)","decl":{"start":{"line":34,"column":2},"end":{"line":34,"column":15}},"loc":{"start":{"line":37,"column":35},"end":{"line":40,"column":3}}},"5":{"name":"(anonymous_9)","decl":{"start":{"line":43,"column":2},"end":{"line":43,"column":13}},"loc":{"start":{"line":43,"column":35},"end":{"line":45,"column":3}}},"6":{"name":"(anonymous_10)","decl":{"start":{"line":48,"column":2},"end":{"line":48,"column":9}},"loc":{"start":{"line":48,"column":65},"end":{"line":50,"column":3}}},"7":{"name":"(anonymous_11)","decl":{"start":{"line":53,"column":2},"end":{"line":53,"column":11}},"loc":{"start":{"line":53,"column":35},"end":{"line":55,"column":3}}},"8":{"name":"(anonymous_12)","decl":{"start":{"line":58,"column":2},"end":{"line":58,"column":16}},"loc":{"start":{"line":58,"column":38},"end":{"line":60,"column":3}}},"9":{"name":"(anonymous_13)","decl":{"start":{"line":63,"column":2},"end":{"line":63,"column":18}},"loc":{"start":{"line":63,"column":74},"end":{"line":65,"column":3}}},"10":{"name":"(anonymous_14)","decl":{"start":{"line":68,"column":2},"end":{"line":68,"column":18}},"loc":{"start":{"line":68,"column":75},"end":{"line":70,"column":3}}},"11":{"name":"(anonymous_15)","decl":{"start":{"line":73,"column":2},"end":{"line":73,"column":7}},"loc":{"start":{"line":73,"column":40},"end":{"line":80,"column":3}}}},"branchMap":{},"s":{"0":0,"1":0,"2":0,"3":0,"4":0,"5":0,"6":0,"7":0,"8":0,"9":0,"10":0,"11":0,"12":0,"13":0,"14":0,"15":0,"16":0,"17":0,"18":0,"19":0,"20":0,"21":0,"22":0,"23":0,"24":0,"25":0,"26":0,"27":0,"28":0,"29":0,"30":0,"31":0,"32":0},"f":{"0":0,"1":0,"2":0,"3":0,"4":0,"5":0,"6":0,"7":0,"8":0,"9":0,"10":0,"11":0},"b":{}}
,"/Users/thanushkanth/Documents/CeyGo/ceygo/backend/src/modules/admin/admin.module.ts": {"path":"/Users/thanushkanth/Documents/CeyGo/ceygo/backend/src/modules/admin/admin.module.ts","statementMap":{"0":{"start":{"line":1,"column":0},"end":{"line":1,"column":40}},"1":{"start":{"line":2,"column":0},"end":{"line":2,"column":51}},"2":{"start":{"line":3,"column":0},"end":{"line":3,"column":47}},"3":{"start":{"line":4,"column":0},"end":{"line":4,"column":53}},"4":{"start":{"line":5,"column":0},"end":{"line":5,"column":59}},"5":{"start":{"line":6,"column":0},"end":{"line":6,"column":68}},"6":{"start":{"line":7,"column":0},"end":{"line":7,"column":68}},"7":{"start":{"line":8,"column":0},"end":{"line":8,"column":68}},"8":{"start":{"line":18,"column":7},"end":{"line":18,"column":null}},"9":{"start":{"line":18,"column":13},"end":{"line":18,"column":24}},"10":{"start":{"line":18,"column":13},"end":{"line":18,"column":null}}},"fnMap":{},"branchMap":{},"s":{"0":0,"1":0,"2":0,"3":0,"4":0,"5":0,"6":0,"7":0,"8":0,"9":0,"10":0},"f":{},"b":{}}
,"/Users/thanushkanth/Documents/CeyGo/ceygo/backend/src/modules/admin/admin.service.ts": {"path":"/Users/thanushkanth/Documents/CeyGo/ceygo/backend/src/modules/admin/admin.service.ts","statementMap":{"0":{"start":{"line":1,"column":0},"end":{"line":1,"column":84}},"1":{"start":{"line":2,"column":0},"end":{"line":2,"column":53}},"2":{"start":{"line":3,"column":0},"end":{"line":3,"column":85}},"3":{"start":{"line":4,"column":0},"end":{"line":4,"column":59}},"4":{"start":{"line":5,"column":0},"end":{"line":5,"column":68}},"5":{"start":{"line":6,"column":0},"end":{"line":6,"column":68}},"6":{"start":{"line":7,"column":0},"end":{"line":7,"column":68}},"7":{"start":{"line":8,"column":0},"end":{"line":8,"column":34}},"8":{"start":{"line":9,"column":0},"end":{"line":9,"column":34}},"9":{"start":{"line":12,"column":7},"end":{"line":169,"column":null}},"10":{"start":{"line":15,"column":21},"end":{"line":15,"column":37}},"11":{"start":{"line":17,"column":21},"end":{"line":17,"column":40}},"12":{"start":{"line":19,"column":21},"end":{"line":19,"column":40}},"13":{"start":{"line":21,"column":21},"end":{"line":21,"column":40}},"14":{"start":{"line":22,"column":21},"end":{"line":22,"column":25}},"15":{"start":{"line":28,"column":18},"end":{"line":28,"column":83}},"16":{"start":{"line":29,"column":21},"end":{"line":29,"column":89}},"17":{"start":{"line":30,"column":4},"end":{"line":30,"column":31}},"18":{"start":{"line":34,"column":17},"end":{"line":34,"column":66}},"19":{"start":{"line":35,"column":4},"end":{"line":35,"column":61}},"20":{"start":{"line":35,"column":15},"end":{"line":35,"column":61}},"21":{"start":{"line":37,"column":4},"end":{"line":37,"column":37}},"22":{"start":{"line":38,"column":4},"end":{"line":38,"column":37}},"23":{"start":{"line":38,"column":16},"end":{"line":38,"column":37}},"24":{"start":{"line":39,"column":4},"end":{"line":39,"column":26}},"25":{"start":{"line":40,"column":4},"end":{"line":40,"column":16}},"26":{"start":{"line":44,"column":20},"end":{"line":44,"column":75}},"27":{"start":{"line":45,"column":4},"end":{"line":45,"column":67}},"28":{"start":{"line":45,"column":18},"end":{"line":45,"column":67}},"29":{"start":{"line":47,"column":4},"end":{"line":47,"column":40}},"30":{"start":{"line":48,"column":4},"end":{"line":48,"column":40}},"31":{"start":{"line":48,"column":16},"end":{"line":48,"column":40}},"32":{"start":{"line":49,"column":4},"end":{"line":49,"column":26}},"33":{"start":{"line":50,"column":4},"end":{"line":50,"column":19}},"34":{"start":{"line":56,"column":37},"end":{"line":56,"column":39}},"35":{"start":{"line":57,"column":4},"end":{"line":57,"column":48}},"36":{"start":{"line":57,"column":22},"end":{"line":57,"column":48}},"37":{"start":{"line":58,"column":4},"end":{"line":58,"column":90}},"38":{"start":{"line":58,"column":36},"end":{"line":58,"column":90}},"39":{"start":{"line":59,"column":4},"end":{"line":59,"column":54}},"40":{"start":{"line":59,"column":24},"end":{"line":59,"column":54}},"41":{"start":{"line":61,"column":27},"end":{"line":65,"column":6}},"42":{"start":{"line":67,"column":4},"end":{"line":67,"column":41}},"43":{"start":{"line":71,"column":17},"end":{"line":71,"column":66}},"44":{"start":{"line":72,"column":4},"end":{"line":72,"column":61}},"45":{"start":{"line":72,"column":15},"end":{"line":72,"column":61}},"46":{"start":{"line":74,"column":4},"end":{"line":74,"column":27}},"47":{"start":{"line":75,"column":4},"end":{"line":75,"column":25}},"48":{"start":{"line":76,"column":4},"end":{"line":76,"column":26}},"49":{"start":{"line":77,"column":4},"end":{"line":77,"column":16}},"50":{"start":{"line":81,"column":17},"end":{"line":81,"column":66}},"51":{"start":{"line":82,"column":4},"end":{"line":82,"column":61}},"52":{"start":{"line":82,"column":15},"end":{"line":82,"column":61}},"53":{"start":{"line":84,"column":4},"end":{"line":84,"column":27}},"54":{"start":{"line":85,"column":4},"end":{"line":85,"column":23}},"55":{"start":{"line":86,"column":4},"end":{"line":86,"column":26}},"56":{"start":{"line":87,"column":4},"end":{"line":87,"column":16}},"57":{"start":{"line":93,"column":40},"end":{"line":93,"column":59}},"58":{"start":{"line":94,"column":4},"end":{"line":94,"column":90}},"59":{"start":{"line":94,"column":36},"end":{"line":94,"column":90}},"60":{"start":{"line":95,"column":4},"end":{"line":95,"column":89}},"61":{"start":{"line":95,"column":45},"end":{"line":95,"column":89}},"62":{"start":{"line":97,"column":27},"end":{"line":101,"column":6}},"63":{"start":{"line":103,"column":4},"end":{"line":103,"column":41}},"64":{"start":{"line":107,"column":20},"end":{"line":107,"column":75}},"65":{"start":{"line":108,"column":4},"end":{"line":108,"column":67}},"66":{"start":{"line":108,"column":18},"end":{"line":108,"column":67}},"67":{"start":{"line":110,"column":4},"end":{"line":110,"column":33}},"68":{"start":{"line":111,"column":4},"end":{"line":111,"column":28}},"69":{"start":{"line":112,"column":4},"end":{"line":112,"column":26}},"70":{"start":{"line":113,"column":4},"end":{"line":113,"column":19}},"71":{"start":{"line":119,"column":40},"end":{"line":123,"column":6}},"72":{"start":{"line":125,"column":20},"end":{"line":129,"column":28}},"73":{"start":{"line":131,"column":4},"end":{"line":136,"column":6}},"74":{"start":{"line":141,"column":21},"end":{"line":147,"column":40}},"75":{"start":{"line":149,"column":4},"end":{"line":153,"column":11}},"76":{"start":{"line":150,"column":19},"end":{"line":150,"column":66}},"77":{"start":{"line":151,"column":6},"end":{"line":151,"column":54}},"78":{"start":{"line":152,"column":6},"end":{"line":152,"column":17}},"79":{"start":{"line":159,"column":18},"end":{"line":159,"column":53}},"80":{"start":{"line":160,"column":19},"end":{"line":160,"column":104}},"81":{"start":{"line":161,"column":19},"end":{"line":161,"column":41}},"82":{"start":{"line":162,"column":16},"end":{"line":162,"column":35}},"83":{"start":{"line":164,"column":19},"end":{"line":164,"column":33}},"84":{"start":{"line":165,"column":4},"end":{"line":165,"column":21}},"85":{"start":{"line":166,"column":4},"end":{"line":166,"column":22}},"86":{"start":{"line":167,"column":4},"end":{"line":167,"column":18}},"87":{"start":{"line":12,"column":13},"end":{"line":12,"column":25}},"88":{"start":{"line":12,"column":13},"end":{"line":169,"column":null}}},"fnMap":{"0":{"name":"(anonymous_4)","decl":{"start":{"line":13,"column":2},"end":{"line":13,"column":null}},"loc":{"start":{"line":22,"column":38},"end":{"line":23,"column":6}}},"1":{"name":"(anonymous_5)","decl":{"start":{"line":27,"column":2},"end":{"line":27,"column":7}},"loc":{"start":{"line":27,"column":31},"end":{"line":31,"column":3}}},"2":{"name":"(anonymous_6)","decl":{"start":{"line":33,"column":2},"end":{"line":33,"column":7}},"loc":{"start":{"line":33,"column":66},"end":{"line":41,"column":3}}},"3":{"name":"(anonymous_7)","decl":{"start":{"line":43,"column":2},"end":{"line":43,"column":7}},"loc":{"start":{"line":43,"column":72},"end":{"line":51,"column":3}}},"4":{"name":"(anonymous_8)","decl":{"start":{"line":55,"column":2},"end":{"line":55,"column":7}},"loc":{"start":{"line":55,"column":54},"end":{"line":68,"column":3}}},"5":{"name":"(anonymous_9)","decl":{"start":{"line":70,"column":2},"end":{"line":70,"column":7}},"loc":{"start":{"line":70,"column":46},"end":{"line":78,"column":3}}},"6":{"name":"(anonymous_10)","decl":{"start":{"line":80,"column":2},"end":{"line":80,"column":7}},"loc":{"start":{"line":80,"column":32},"end":{"line":88,"column":3}}},"7":{"name":"(anonymous_11)","decl":{"start":{"line":92,"column":2},"end":{"line":92,"column":7}},"loc":{"start":{"line":92,"column":57},"end":{"line":104,"column":3}}},"8":{"name":"(anonymous_12)","decl":{"start":{"line":106,"column":2},"end":{"line":106,"column":7}},"loc":{"start":{"line":106,"column":58},"end":{"line":114,"column":3}}},"9":{"name":"(anonymous_13)","decl":{"start":{"line":118,"column":2},"end":{"line":118,"column":7}},"loc":{"start":{"line":118,"column":25},"end":{"line":137,"column":3}}},"10":{"name":"(anonymous_14)","decl":{"start":{"line":139,"column":2},"end":{"line":139,"column":7}},"loc":{"start":{"line":139,"column":59},"end":{"line":154,"column":3}}},"11":{"name":"(anonymous_15)","decl":{"start":{"line":149,"column":27},"end":{"line":149,"column":28}},"loc":{"start":{"line":149,"column":43},"end":{"line":153,"column":5}}},"12":{"name":"(anonymous_16)","decl":{"start":{"line":158,"column":2},"end":{"line":158,"column":7}},"loc":{"start":{"line":158,"column":24},"end":{"line":168,"column":3}}}},"branchMap":{"0":{"loc":{"start":{"line":35,"column":4},"end":{"line":35,"column":61}},"type":"if","locations":[{"start":{"line":35,"column":4},"end":{"line":35,"column":61}}]},"1":{"loc":{"start":{"line":38,"column":4},"end":{"line":38,"column":37}},"type":"if","locations":[{"start":{"line":38,"column":4},"end":{"line":38,"column":37}}]},"2":{"loc":{"start":{"line":45,"column":4},"end":{"line":45,"column":67}},"type":"if","locations":[{"start":{"line":45,"column":4},"end":{"line":45,"column":67}}]},"3":{"loc":{"start":{"line":48,"column":4},"end":{"line":48,"column":40}},"type":"if","locations":[{"start":{"line":48,"column":4},"end":{"line":48,"column":40}}]},"4":{"loc":{"start":{"line":55,"column":34},"end":{"line":55,"column":42}},"type":"default-arg","locations":[{"start":{"line":55,"column":41},"end":{"line":55,"column":42}}]},"5":{"loc":{"start":{"line":55,"column":44},"end":{"line":55,"column":54}},"type":"default-arg","locations":[{"start":{"line":55,"column":52},"end":{"line":55,"column":54}}]},"6":{"loc":{"start":{"line":57,"column":4},"end":{"line":57,"column":48}},"type":"if","locations":[{"start":{"line":57,"column":4},"end":{"line":57,"column":48}}]},"7":{"loc":{"start":{"line":58,"column":4},"end":{"line":58,"column":90}},"type":"if","locations":[{"start":{"line":58,"column":4},"end":{"line":58,"column":90}}]},"8":{"loc":{"start":{"line":59,"column":4},"end":{"line":59,"column":54}},"type":"if","locations":[{"start":{"line":59,"column":4},"end":{"line":59,"column":54}}]},"9":{"loc":{"start":{"line":72,"column":4},"end":{"line":72,"column":61}},"type":"if","locations":[{"start":{"line":72,"column":4},"end":{"line":72,"column":61}}]},"10":{"loc":{"start":{"line":82,"column":4},"end":{"line":82,"column":61}},"type":"if","locations":[{"start":{"line":82,"column":4},"end":{"line":82,"column":61}}]},"11":{"loc":{"start":{"line":92,"column":37},"end":{"line":92,"column":45}},"type":"default-arg","locations":[{"start":{"line":92,"column":44},"end":{"line":92,"column":45}}]},"12":{"loc":{"start":{"line":92,"column":47},"end":{"line":92,"column":57}},"type":"default-arg","locations":[{"start":{"line":92,"column":55},"end":{"line":92,"column":57}}]},"13":{"loc":{"start":{"line":94,"column":4},"end":{"line":94,"column":90}},"type":"if","locations":[{"start":{"line":94,"column":4},"end":{"line":94,"column":90}}]},"14":{"loc":{"start":{"line":95,"column":4},"end":{"line":95,"column":89}},"type":"if","locations":[{"start":{"line":95,"column":4},"end":{"line":95,"column":89}}]},"15":{"loc":{"start":{"line":108,"column":4},"end":{"line":108,"column":67}},"type":"if","locations":[{"start":{"line":108,"column":4},"end":{"line":108,"column":67}}]},"16":{"loc":{"start":{"line":135,"column":20},"end":{"line":135,"column":47}},"type":"binary-expr","locations":[{"start":{"line":135,"column":20},"end":{"line":135,"column":42}},{"start":{"line":135,"column":46},"end":{"line":135,"column":47}}]},"17":{"loc":{"start":{"line":151,"column":19},"end":{"line":151,"column":33}},"type":"binary-expr","locations":[{"start":{"line":151,"column":19},"end":{"line":151,"column":28}},{"start":{"line":151,"column":32},"end":{"line":151,"column":33}}]}},"s":{"0":0,"1":0,"2":0,"3":0,"4":0,"5":0,"6":0,"7":0,"8":0,"9":0,"10":0,"11":0,"12":0,"13":0,"14":0,"15":0,"16":0,"17":0,"18":0,"19":0,"20":0,"21":0,"22":0,"23":0,"24":0,"25":0,"26":0,"27":0,"28":0,"29":0,"30":0,"31":0,"32":0,"33":0,"34":0,"35":0,"36":0,"37":0,"38":0,"39":0,"40":0,"41":0,"42":0,"43":0,"44":0,"45":0,"46":0,"47":0,"48":0,"49":0,"50":0,"51":0,"52":0,"53":0,"54":0,"55":0,"56":0,"57":0,"58":0,"59":0,"60":0,"61":0,"62":0,"63":0,"64":0,"65":0,"66":0,"67":0,"68":0,"69":0,"70":0,"71":0,"72":0,"73":0,"74":0,"75":0,"76":0,"77":0,"78":0,"79":0,"80":0,"81":0,"82":0,"83":0,"84":0,"85":0,"86":0,"87":0,"88":0},"f":{"0":0,"1":0,"2":0,"3":0,"4":0,"5":0,"6":0,"7":0,"8":0,"9":0,"10":0,"11":0,"12":0},"b":{"0":[0],"1":[0],"2":[0],"3":[0],"4":[0],"5":[0],"6":[0],"7":[0],"8":[0],"9":[0],"10":[0],"11":[0],"12":[0],"13":[0],"14":[0],"15":[0],"16":[0,0],"17":[0,0]}}
,"/Users/thanushkanth/Documents/CeyGo/ceygo/backend/src/modules/auth/auth.controller.ts": {"path":"/Users/thanushkanth/Documents/CeyGo/ceygo/backend/src/modules/auth/auth.controller.ts","statementMap":{"0":{"start":{"line":1,"column":0},"end":{"line":1,"column":77}},"1":{"start":{"line":2,"column":0},"end":{"line":2,"column":45}},"2":{"start":{"line":3,"column":0},"end":{"line":3,"column":45}},"3":{"start":{"line":4,"column":0},"end":{"line":4,"column":43}},"4":{"start":{"line":5,"column":0},"end":{"line":5,"column":52}},"5":{"start":{"line":6,"column":0},"end":{"line":6,"column":49}},"6":{"start":{"line":9,"column":7},"end":{"line":41,"column":null}},"7":{"start":{"line":10,"column":31},"end":{"line":10,"column":44}},"8":{"start":{"line":14,"column":4},"end":{"line":14,"column":57}},"9":{"start":{"line":19,"column":4},"end":{"line":19,"column":52}},"10":{"start":{"line":24,"column":4},"end":{"line":24,"column":50}},"11":{"start":{"line":29,"column":4},"end":{"line":29,"column":48}},"12":{"start":{"line":39,"column":4},"end":{"line":39,"column":57}},"13":{"start":{"line":9,"column":13},"end":{"line":9,"column":27}},"14":{"start":{"line":13,"column":8},"end":{"line":15,"column":null}},"15":{"start":{"line":18,"column":8},"end":{"line":20,"column":null}},"16":{"start":{"line":23,"column":8},"end":{"line":25,"column":null}},"17":{"start":{"line":28,"column":8},"end":{"line":30,"column":null}},"18":{"start":{"line":34,"column":8},"end":{"line":34,"column":null}},"19":{"start":{"line":38,"column":8},"end":{"line":40,"column":null}},"20":{"start":{"line":9,"column":13},"end":{"line":41,"column":null}}},"fnMap":{"0":{"name":"(anonymous_4)","decl":{"start":{"line":10,"column":2},"end":{"line":10,"column":31}},"loc":{"start":{"line":10,"column":55},"end":{"line":10,"column":59}}},"1":{"name":"(anonymous_5)","decl":{"start":{"line":13,"column":2},"end":{"line":13,"column":7}},"loc":{"start":{"line":13,"column":40},"end":{"line":15,"column":3}}},"2":{"name":"(anonymous_6)","decl":{"start":{"line":18,"column":2},"end":{"line":18,"column":7}},"loc":{"start":{"line":18,"column":52},"end":{"line":20,"column":3}}},"3":{"name":"(anonymous_7)","decl":{"start":{"line":23,"column":2},"end":{"line":23,"column":7}},"loc":{"start":{"line":23,"column":49},"end":{"line":25,"column":3}}},"4":{"name":"(anonymous_8)","decl":{"start":{"line":28,"column":2},"end":{"line":28,"column":7}},"loc":{"start":{"line":28,"column":51},"end":{"line":30,"column":3}}},"5":{"name":"(anonymous_9)","decl":{"start":{"line":34,"column":2},"end":{"line":34,"column":7}},"loc":{"start":{"line":34,"column":29},"end":{"line":34,"column":33}}},"6":{"name":"(anonymous_10)","decl":{"start":{"line":38,"column":2},"end":{"line":38,"column":7}},"loc":{"start":{"line":38,"column":37},"end":{"line":40,"column":3}}}},"branchMap":{},"s":{"0":0,"1":0,"2":0,"3":0,"4":0,"5":0,"6":0,"7":0,"8":0,"9":0,"10":0,"11":0,"12":0,"13":0,"14":0,"15":0,"16":0,"17":0,"18":0,"19":0,"20":0},"f":{"0":0,"1":0,"2":0,"3":0,"4":0,"5":0,"6":0},"b":{}}
,"/Users/thanushkanth/Documents/CeyGo/ceygo/backend/src/modules/auth/auth.module.ts": {"path":"/Users/thanushkanth/Documents/CeyGo/ceygo/backend/src/modules/auth/auth.module.ts","statementMap":{"0":{"start":{"line":1,"column":0},"end":{"line":1,"column":40}},"1":{"start":{"line":2,"column":0},"end":{"line":2,"column":40}},"2":{"start":{"line":3,"column":0},"end":{"line":3,"column":50}},"3":{"start":{"line":4,"column":0},"end":{"line":4,"column":61}},"4":{"start":{"line":5,"column":0},"end":{"line":5,"column":51}},"5":{"start":{"line":6,"column":0},"end":{"line":6,"column":59}},"6":{"start":{"line":7,"column":0},"end":{"line":7,"column":45}},"7":{"start":{"line":8,"column":0},"end":{"line":8,"column":51}},"8":{"start":{"line":9,"column":0},"end":{"line":9,"column":43}},"9":{"start":{"line":10,"column":0},"end":{"line":10,"column":45}},"10":{"start":{"line":11,"column":0},"end":{"line":11,"column":51}},"11":{"start":{"line":30,"column":7},"end":{"line":30,"column":null}},"12":{"start":{"line":30,"column":13},"end":{"line":30,"column":23}},"13":{"start":{"line":30,"column":13},"end":{"line":30,"column":null}},"14":{"start":{"line":19,"column":53},"end":{"line":22,"column":8}}},"fnMap":{"0":{"name":"(anonymous_1)","decl":{"start":{"line":19,"column":18},"end":{"line":19,"column":19}},"loc":{"start":{"line":19,"column":53},"end":{"line":22,"column":8}}}},"branchMap":{},"s":{"0":0,"1":0,"2":0,"3":0,"4":0,"5":0,"6":0,"7":0,"8":0,"9":0,"10":0,"11":0,"12":0,"13":0,"14":0},"f":{"0":0},"b":{}}
,"/Users/thanushkanth/Documents/CeyGo/ceygo/backend/src/modules/auth/auth.service.ts": {"path":"/Users/thanushkanth/Documents/CeyGo/ceygo/backend/src/modules/auth/auth.service.ts","statementMap":{"0":{"start":{"line":1,"column":0},"end":{"line":1,"column":88}},"1":{"start":{"line":2,"column":0},"end":{"line":2,"column":41}},"2":{"start":{"line":3,"column":0},"end":{"line":3,"column":47}},"3":{"start":{"line":4,"column":0},"end":{"line":4,"column":54}},"4":{"start":{"line":5,"column":0},"end":{"line":5,"column":59}},"5":{"start":{"line":6,"column":0},"end":{"line":6,"column":43}},"6":{"start":{"line":11,"column":7},"end":{"line":134,"column":null}},"7":{"start":{"line":17,"column":21},"end":{"line":17,"column":25}},"8":{"start":{"line":18,"column":21},"end":{"line":18,"column":33}},"9":{"start":{"line":19,"column":21},"end":{"line":19,"column":36}},"10":{"start":{"line":20,"column":21},"end":{"line":20,"column":33}},"11":{"start":{"line":14,"column":10},"end":{"line":14,"column":73}},"12":{"start":{"line":24,"column":16},"end":{"line":24,"column":45}},"13":{"start":{"line":25,"column":22},"end":{"line":25,"column":99}},"14":{"start":{"line":27,"column":4},"end":{"line":27,"column":58}},"15":{"start":{"line":29,"column":17},"end":{"line":29,"column":58}},"16":{"start":{"line":30,"column":4},"end":{"line":32,"column":5}},"17":{"start":{"line":31,"column":6},"end":{"line":31,"column":58}},"18":{"start":{"line":34,"column":4},"end":{"line":34,"column":48}},"19":{"start":{"line":38,"column":27},"end":{"line":38,"column":39}},"20":{"start":{"line":39,"column":19},"end":{"line":39,"column":43}},"21":{"start":{"line":41,"column":4},"end":{"line":43,"column":5}},"22":{"start":{"line":42,"column":6},"end":{"line":42,"column":64}},"23":{"start":{"line":45,"column":4},"end":{"line":45,"column":32}},"24":{"start":{"line":47,"column":15},"end":{"line":47,"column":53}},"25":{"start":{"line":49,"column":4},"end":{"line":51,"column":5}},"26":{"start":{"line":50,"column":6},"end":{"line":50,"column":40}},"27":{"start":{"line":53,"column":19},"end":{"line":53,"column":50}},"28":{"start":{"line":54,"column":4},"end":{"line":54,"column":49}},"29":{"start":{"line":58,"column":25},"end":{"line":60,"column":6}},"30":{"start":{"line":62,"column":4},"end":{"line":64,"column":5}},"31":{"start":{"line":63,"column":6},"end":{"line":63,"column":90}},"32":{"start":{"line":66,"column":17},"end":{"line":69,"column":6}},"33":{"start":{"line":71,"column":4},"end":{"line":71,"column":40}},"34":{"start":{"line":73,"column":19},"end":{"line":73,"column":50}},"35":{"start":{"line":74,"column":4},"end":{"line":74,"column":31}},"36":{"start":{"line":78,"column":15},"end":{"line":78,"column":74}},"37":{"start":{"line":80,"column":4},"end":{"line":94,"column":5}},"38":{"start":{"line":82,"column":6},"end":{"line":92,"column":9}},"39":{"start":{"line":93,"column":6},"end":{"line":93,"column":42}},"40":{"start":{"line":96,"column":4},"end":{"line":96,"column":37}},"41":{"start":{"line":100,"column":20},"end":{"line":100,"column":72}},"42":{"start":{"line":102,"column":24},"end":{"line":105,"column":6}},"43":{"start":{"line":107,"column":25},"end":{"line":110,"column":6}},"44":{"start":{"line":112,"column":4},"end":{"line":115,"column":6}},"45":{"start":{"line":119,"column":4},"end":{"line":132,"column":5}},"46":{"start":{"line":120,"column":22},"end":{"line":122,"column":8}},"47":{"start":{"line":124,"column":19},"end":{"line":124,"column":67}},"48":{"start":{"line":125,"column":6},"end":{"line":127,"column":7}},"49":{"start":{"line":126,"column":8},"end":{"line":126,"column":42}},"50":{"start":{"line":129,"column":6},"end":{"line":129,"column":39}},"51":{"start":{"line":131,"column":6},"end":{"line":131,"column":63}},"52":{"start":{"line":11,"column":13},"end":{"line":11,"column":24}},"53":{"start":{"line":11,"column":13},"end":{"line":134,"column":null}}},"fnMap":{"0":{"name":"(anonymous_2)","decl":{"start":{"line":16,"column":2},"end":{"line":16,"column":null}},"loc":{"start":{"line":20,"column":43},"end":{"line":21,"column":6}}},"1":{"name":"(anonymous_3)","decl":{"start":{"line":23,"column":2},"end":{"line":23,"column":7}},"loc":{"start":{"line":23,"column":34},"end":{"line":35,"column":3}}},"2":{"name":"(anonymous_4)","decl":{"start":{"line":37,"column":2},"end":{"line":37,"column":7}},"loc":{"start":{"line":37,"column":44},"end":{"line":55,"column":3}}},"3":{"name":"(anonymous_5)","decl":{"start":{"line":57,"column":2},"end":{"line":57,"column":7}},"loc":{"start":{"line":57,"column":41},"end":{"line":75,"column":3}}},"4":{"name":"(anonymous_6)","decl":{"start":{"line":77,"column":2},"end":{"line":77,"column":7}},"loc":{"start":{"line":77,"column":45},"end":{"line":97,"column":3}}},"5":{"name":"(anonymous_7)","decl":{"start":{"line":99,"column":2},"end":{"line":99,"column":7}},"loc":{"start":{"line":99,"column":33},"end":{"line":116,"column":3}}},"6":{"name":"(anonymous_8)","decl":{"start":{"line":118,"column":2},"end":{"line":118,"column":7}},"loc":{"start":{"line":118,"column":34},"end":{"line":133,"column":3}}}},"branchMap":{"0":{"loc":{"start":{"line":25,"column":36},"end":{"line":25,"column":91}},"type":"binary-expr","locations":[{"start":{"line":25,"column":36},"end":{"line":25,"column":84}},{"start":{"line":25,"column":88},"end":{"line":25,"column":91}}]},"1":{"loc":{"start":{"line":30,"column":4},"end":{"line":32,"column":5}},"type":"if","locations":[{"start":{"line":30,"column":4},"end":{"line":32,"column":5}}]},"2":{"loc":{"start":{"line":41,"column":4},"end":{"line":43,"column":5}},"type":"if","locations":[{"start":{"line":41,"column":4},"end":{"line":43,"column":5}}]},"3":{"loc":{"start":{"line":41,"column":8},"end":{"line":41,"column":68}},"type":"binary-expr","locations":[{"start":{"line":41,"column":8},"end":{"line":41,"column":15}},{"start":{"line":41,"column":19},"end":{"line":41,"column":37}},{"start":{"line":41,"column":41},"end":{"line":41,"column":68}}]},"4":{"loc":{"start":{"line":49,"column":4},"end":{"line":51,"column":5}},"type":"if","locations":[{"start":{"line":49,"column":4},"end":{"line":51,"column":5}}]},"5":{"loc":{"start":{"line":62,"column":4},"end":{"line":64,"column":5}},"type":"if","locations":[{"start":{"line":62,"column":4},"end":{"line":64,"column":5}}]},"6":{"loc":{"start":{"line":80,"column":4},"end":{"line":94,"column":5}},"type":"if","locations":[{"start":{"line":80,"column":4},"end":{"line":94,"column":5}}]},"7":{"loc":{"start":{"line":109,"column":17},"end":{"line":109,"column":74}},"type":"binary-expr","locations":[{"start":{"line":109,"column":17},"end":{"line":109,"column":65}},{"start":{"line":109,"column":69},"end":{"line":109,"column":74}}]},"8":{"loc":{"start":{"line":125,"column":6},"end":{"line":127,"column":7}},"type":"if","locations":[{"start":{"line":125,"column":6},"end":{"line":127,"column":7}}]}},"s":{"0":0,"1":0,"2":0,"3":0,"4":0,"5":0,"6":0,"7":0,"8":0,"9":0,"10":0,"11":0,"12":0,"13":0,"14":0,"15":0,"16":0,"17":0,"18":0,"19":0,"20":0,"21":0,"22":0,"23":0,"24":0,"25":0,"26":0,"27":0,"28":0,"29":0,"30":0,"31":0,"32":0,"33":0,"34":0,"35":0,"36":0,"37":0,"38":0,"39":0,"40":0,"41":0,"42":0,"43":0,"44":0,"45":0,"46":0,"47":0,"48":0,"49":0,"50":0,"51":0,"52":0,"53":0},"f":{"0":0,"1":0,"2":0,"3":0,"4":0,"5":0,"6":0},"b":{"0":[0,0],"1":[0],"2":[0],"3":[0,0,0],"4":[0],"5":[0],"6":[0],"7":[0,0],"8":[0]}}
,"/Users/thanushkanth/Documents/CeyGo/ceygo/backend/src/modules/auth/google.strategy.ts": {"path":"/Users/thanushkanth/Documents/CeyGo/ceygo/backend/src/modules/auth/google.strategy.ts","statementMap":{"0":{"start":{"line":1,"column":0},"end":{"line":1,"column":44}},"1":{"start":{"line":2,"column":0},"end":{"line":2,"column":52}},"2":{"start":{"line":3,"column":0},"end":{"line":3,"column":67}},"3":{"start":{"line":4,"column":0},"end":{"line":4,"column":47}},"4":{"start":{"line":7,"column":7},"end":{"line":34,"column":null}},"5":{"start":{"line":9,"column":4},"end":{"line":14,"column":7}},"6":{"start":{"line":8,"column":22},"end":{"line":8,"column":37}},"7":{"start":{"line":23,"column":41},"end":{"line":23,"column":48}},"8":{"start":{"line":24,"column":17},"end":{"line":31,"column":6}},"9":{"start":{"line":32,"column":4},"end":{"line":32,"column":21}},"10":{"start":{"line":7,"column":13},"end":{"line":7,"column":27}},"11":{"start":{"line":7,"column":13},"end":{"line":34,"column":null}}},"fnMap":{"0":{"name":"(anonymous_2)","decl":{"start":{"line":8,"column":2},"end":{"line":8,"column":22}},"loc":{"start":{"line":8,"column":50},"end":{"line":15,"column":3}}},"1":{"name":"(anonymous_3)","decl":{"start":{"line":17,"column":2},"end":{"line":17,"column":7}},"loc":{"start":{"line":21,"column":24},"end":{"line":33,"column":3}}}},"branchMap":{},"s":{"0":0,"1":0,"2":0,"3":0,"4":0,"5":0,"6":0,"7":0,"8":0,"9":0,"10":0,"11":0},"f":{"0":0,"1":0},"b":{}}
,"/Users/thanushkanth/Documents/CeyGo/ceygo/backend/src/modules/auth/jwt.strategy.ts": {"path":"/Users/thanushkanth/Documents/CeyGo/ceygo/backend/src/modules/auth/jwt.strategy.ts","statementMap":{"0":{"start":{"line":1,"column":0},"end":{"line":1,"column":67}},"1":{"start":{"line":2,"column":0},"end":{"line":2,"column":52}},"2":{"start":{"line":3,"column":0},"end":{"line":3,"column":52}},"3":{"start":{"line":4,"column":0},"end":{"line":4,"column":47}},"4":{"start":{"line":5,"column":0},"end":{"line":5,"column":54}},"5":{"start":{"line":6,"column":0},"end":{"line":6,"column":59}},"6":{"start":{"line":9,"column":7},"end":{"line":28,"column":null}},"7":{"start":{"line":14,"column":4},"end":{"line":18,"column":7}},"8":{"start":{"line":11,"column":12},"end":{"line":11,"column":27}},"9":{"start":{"line":12,"column":21},"end":{"line":12,"column":25}},"10":{"start":{"line":22,"column":17},"end":{"line":22,"column":65}},"11":{"start":{"line":23,"column":4},"end":{"line":25,"column":5}},"12":{"start":{"line":24,"column":6},"end":{"line":24,"column":117}},"13":{"start":{"line":26,"column":4},"end":{"line":26,"column":16}},"14":{"start":{"line":9,"column":13},"end":{"line":9,"column":24}},"15":{"start":{"line":9,"column":13},"end":{"line":28,"column":null}}},"fnMap":{"0":{"name":"(anonymous_2)","decl":{"start":{"line":10,"column":2},"end":{"line":10,"column":null}},"loc":{"start":{"line":12,"column":38},"end":{"line":19,"column":3}}},"1":{"name":"(anonymous_3)","decl":{"start":{"line":21,"column":2},"end":{"line":21,"column":7}},"loc":{"start":{"line":21,"column":29},"end":{"line":27,"column":3}}}},"branchMap":{"0":{"loc":{"start":{"line":23,"column":4},"end":{"line":25,"column":5}},"type":"if","locations":[{"start":{"line":23,"column":4},"end":{"line":25,"column":5}}]},"1":{"loc":{"start":{"line":23,"column":8},"end":{"line":23,"column":41}},"type":"binary-expr","locations":[{"start":{"line":23,"column":8},"end":{"line":23,"column":13}},{"start":{"line":23,"column":17},"end":{"line":23,"column":41}}]},"2":{"loc":{"start":{"line":24,"column":38},"end":{"line":24,"column":115}},"type":"cond-expr","locations":[{"start":{"line":24,"column":66},"end":{"line":24,"column":96}},{"start":{"line":24,"column":99},"end":{"line":24,"column":115}}]}},"s":{"0":0,"1":0,"2":0,"3":0,"4":0,"5":0,"6":0,"7":0,"8":0,"9":0,"10":0,"11":0,"12":0,"13":0,"14":0,"15":0},"f":{"0":0,"1":0},"b":{"0":[0],"1":[0,0],"2":[0,0]}}
,"/Users/thanushkanth/Documents/CeyGo/ceygo/backend/src/modules/auth/otp.service.ts": {"path":"/Users/thanushkanth/Documents/CeyGo/ceygo/backend/src/modules/auth/otp.service.ts","statementMap":{"0":{"start":{"line":1,"column":0},"end":{"line":1,"column":74}},"1":{"start":{"line":2,"column":0},"end":{"line":2,"column":47}},"2":{"start":{"line":3,"column":0},"end":{"line":3,"column":26}},"3":{"start":{"line":6,"column":7},"end":{"line":55,"column":null}},"4":{"start":{"line":11,"column":22},"end":{"line":11,"column":37}},"5":{"start":{"line":12,"column":4},"end":{"line":12,"column":67}},"6":{"start":{"line":13,"column":4},"end":{"line":13,"column":67}},"7":{"start":{"line":14,"column":4},"end":{"line":14,"column":85}},"8":{"start":{"line":19,"column":27},"end":{"line":19,"column":71}},"9":{"start":{"line":21,"column":20},"end":{"line":21,"column":83}},"10":{"start":{"line":23,"column":4},"end":{"line":48,"column":5}},"11":{"start":{"line":25,"column":6},"end":{"line":28,"column":7}},"12":{"start":{"line":26,"column":8},"end":{"line":26,"column":63}},"13":{"start":{"line":27,"column":8},"end":{"line":27,"column":20}},"14":{"start":{"line":30,"column":23},"end":{"line":38,"column":8}},"15":{"start":{"line":40,"column":6},"end":{"line":40,"column":49}},"16":{"start":{"line":42,"column":6},"end":{"line":42,"column":83}},"17":{"start":{"line":44,"column":6},"end":{"line":46,"column":7}},"18":{"start":{"line":45,"column":8},"end":{"line":45,"column":20}},"19":{"start":{"line":47,"column":6},"end":{"line":47,"column":67}},"20":{"start":{"line":52,"column":19},"end":{"line":52,"column":68}},"21":{"start":{"line":53,"column":4},"end":{"line":53,"column":106}},"22":{"start":{"line":6,"column":13},"end":{"line":6,"column":23}},"23":{"start":{"line":6,"column":13},"end":{"line":55,"column":null}}},"fnMap":{"0":{"name":"(anonymous_2)","decl":{"start":{"line":11,"column":2},"end":{"line":11,"column":22}},"loc":{"start":{"line":11,"column":50},"end":{"line":15,"column":3}}},"1":{"name":"(anonymous_3)","decl":{"start":{"line":17,"column":2},"end":{"line":17,"column":7}},"loc":{"start":{"line":17,"column":42},"end":{"line":49,"column":3}}},"2":{"name":"(anonymous_4)","decl":{"start":{"line":51,"column":2},"end":{"line":51,"column":13}},"loc":{"start":{"line":51,"column":13},"end":{"line":54,"column":3}}}},"branchMap":{"0":{"loc":{"start":{"line":14,"column":20},"end":{"line":14,"column":84}},"type":"binary-expr","locations":[{"start":{"line":14,"column":20},"end":{"line":14,"column":70}},{"start":{"line":14,"column":74},"end":{"line":14,"column":84}}]},"1":{"loc":{"start":{"line":25,"column":6},"end":{"line":28,"column":7}},"type":"if","locations":[{"start":{"line":25,"column":6},"end":{"line":28,"column":7}}]},"2":{"loc":{"start":{"line":25,"column":10},"end":{"line":25,"column":63}},"type":"binary-expr","locations":[{"start":{"line":25,"column":10},"end":{"line":25,"column":22}},{"start":{"line":25,"column":26},"end":{"line":25,"column":63}}]},"3":{"loc":{"start":{"line":42,"column":44},"end":{"line":42,"column":81}},"type":"binary-expr","locations":[{"start":{"line":42,"column":44},"end":{"line":42,"column":64}},{"start":{"line":42,"column":68},"end":{"line":42,"column":81}}]},"4":{"loc":{"start":{"line":44,"column":6},"end":{"line":46,"column":7}},"type":"if","locations":[{"start":{"line":44,"column":6},"end":{"line":46,"column":7}}]},"5":{"loc":{"start":{"line":52,"column":19},"end":{"line":52,"column":68}},"type":"binary-expr","locations":[{"start":{"line":52,"column":19},"end":{"line":52,"column":63}},{"start":{"line":52,"column":67},"end":{"line":52,"column":68}}]}},"s":{"0":0,"1":0,"2":0,"3":0,"4":0,"5":0,"6":0,"7":0,"8":0,"9":0,"10":0,"11":0,"12":0,"13":0,"14":0,"15":0,"16":0,"17":0,"18":0,"19":0,"20":0,"21":0,"22":0,"23":0},"f":{"0":0,"1":0,"2":0},"b":{"0":[0,0],"1":[0],"2":[0,0],"3":[0,0],"4":[0],"5":[0,0]}}
,"/Users/thanushkanth/Documents/CeyGo/ceygo/backend/src/modules/auth/dto/login.dto.ts": {"path":"/Users/thanushkanth/Documents/CeyGo/ceygo/backend/src/modules/auth/dto/login.dto.ts","statementMap":{"0":{"start":{"line":1,"column":0},"end":{"line":1,"column":64}},"1":{"start":{"line":3,"column":0},"end":{"line":3,"column":13}},"2":{"start":{"line":9,"column":2},"end":{"line":9,"column":null}}},"fnMap":{},"branchMap":{},"s":{"0":0,"1":0,"2":0},"f":{},"b":{}}
,"/Users/thanushkanth/Documents/CeyGo/ceygo/backend/src/modules/auth/dto/register.dto.ts": {"path":"/Users/thanushkanth/Documents/CeyGo/ceygo/backend/src/modules/auth/dto/register.dto.ts","statementMap":{"0":{"start":{"line":1,"column":0},"end":{"line":1,"column":100}},"1":{"start":{"line":44,"column":2},"end":{"line":44,"column":27}},"2":{"start":{"line":3,"column":0},"end":{"line":3,"column":13}},"3":{"start":{"line":6,"column":2},"end":{"line":6,"column":null}},"4":{"start":{"line":10,"column":2},"end":{"line":10,"column":null}},"5":{"start":{"line":17,"column":2},"end":{"line":17,"column":null}},"6":{"start":{"line":21,"column":2},"end":{"line":21,"column":null}},"7":{"start":{"line":25,"column":2},"end":{"line":25,"column":null}},"8":{"start":{"line":32,"column":2},"end":{"line":32,"column":null}},"9":{"start":{"line":36,"column":2},"end":{"line":36,"column":null}},"10":{"start":{"line":40,"column":2},"end":{"line":40,"column":null}},"11":{"start":{"line":44,"column":2},"end":{"line":44,"column":null}}},"fnMap":{"0":{"name":"(anonymous_2)","decl":{"start":{"line":3,"column":0},"end":{"line":3,"column":13}},"loc":{"start":{"line":3,"column":0},"end":{"line":45,"column":1}}}},"branchMap":{},"s":{"0":0,"1":0,"2":0,"3":0,"4":0,"5":0,"6":0,"7":0,"8":0,"9":0,"10":0,"11":0},"f":{"0":0},"b":{}}
,"/Users/thanushkanth/Documents/CeyGo/ceygo/backend/src/modules/auth/dto/verify-otp.dto.ts": {"path":"/Users/thanushkanth/Documents/CeyGo/ceygo/backend/src/modules/auth/dto/verify-otp.dto.ts","statementMap":{"0":{"start":{"line":1,"column":0},"end":{"line":1,"column":63}},"1":{"start":{"line":3,"column":0},"end":{"line":3,"column":13}},"2":{"start":{"line":7,"column":2},"end":{"line":7,"column":null}},"3":{"start":{"line":11,"column":2},"end":{"line":11,"column":null}}},"fnMap":{},"branchMap":{},"s":{"0":0,"1":0,"2":0,"3":0},"f":{},"b":{}}
,"/Users/thanushkanth/Documents/CeyGo/ceygo/backend/src/modules/auth/guards/jwt-auth.guard.ts": {"path":"/Users/thanushkanth/Documents/CeyGo/ceygo/backend/src/modules/auth/guards/jwt-auth.guard.ts","statementMap":{"0":{"start":{"line":1,"column":0},"end":{"line":1,"column":44}},"1":{"start":{"line":2,"column":0},"end":{"line":2,"column":45}},"2":{"start":{"line":5,"column":7},"end":{"line":5,"column":null}},"3":{"start":{"line":5,"column":13},"end":{"line":5,"column":25}},"4":{"start":{"line":5,"column":13},"end":{"line":5,"column":null}}},"fnMap":{},"branchMap":{},"s":{"0":0,"1":0,"2":0,"3":0,"4":0},"f":{},"b":{}}
,"/Users/thanushkanth/Documents/CeyGo/ceygo/backend/src/modules/auth/guards/roles.guard.ts": {"path":"/Users/thanushkanth/Documents/CeyGo/ceygo/backend/src/modules/auth/guards/roles.guard.ts","statementMap":{"0":{"start":{"line":1,"column":0},"end":{"line":1,"column":95}},"1":{"start":{"line":2,"column":0},"end":{"line":2,"column":41}},"2":{"start":{"line":3,"column":0},"end":{"line":3,"column":63}},"3":{"start":{"line":6,"column":7},"end":{"line":27,"column":null}},"4":{"start":{"line":7,"column":22},"end":{"line":7,"column":33}},"5":{"start":{"line":10,"column":26},"end":{"line":13,"column":6}},"6":{"start":{"line":15,"column":4},"end":{"line":17,"column":5}},"7":{"start":{"line":16,"column":6},"end":{"line":16,"column":18}},"8":{"start":{"line":19,"column":21},"end":{"line":19,"column":56}},"9":{"start":{"line":21,"column":4},"end":{"line":23,"column":5}},"10":{"start":{"line":22,"column":6},"end":{"line":22,"column":89}},"11":{"start":{"line":25,"column":4},"end":{"line":25,"column":16}},"12":{"start":{"line":6,"column":13},"end":{"line":6,"column":23}},"13":{"start":{"line":6,"column":13},"end":{"line":27,"column":null}}},"fnMap":{"0":{"name":"(anonymous_2)","decl":{"start":{"line":7,"column":2},"end":{"line":7,"column":22}},"loc":{"start":{"line":7,"column":42},"end":{"line":7,"column":46}}},"1":{"name":"(anonymous_3)","decl":{"start":{"line":9,"column":2},"end":{"line":9,"column":13}},"loc":{"start":{"line":9,"column":39},"end":{"line":26,"column":3}}}},"branchMap":{"0":{"loc":{"start":{"line":15,"column":4},"end":{"line":17,"column":5}},"type":"if","locations":[{"start":{"line":15,"column":4},"end":{"line":17,"column":5}}]},"1":{"loc":{"start":{"line":21,"column":4},"end":{"line":23,"column":5}},"type":"if","locations":[{"start":{"line":21,"column":4},"end":{"line":23,"column":5}}]},"2":{"loc":{"start":{"line":21,"column":8},"end":{"line":21,"column":51}},"type":"binary-expr","locations":[{"start":{"line":21,"column":8},"end":{"line":21,"column":13}},{"start":{"line":21,"column":17},"end":{"line":21,"column":51}}]}},"s":{"0":0,"1":0,"2":0,"3":0,"4":0,"5":0,"6":0,"7":0,"8":0,"9":0,"10":0,"11":0,"12":0,"13":0},"f":{"0":0,"1":0},"b":{"0":[0],"1":[0],"2":[0,0]}}
,"/Users/thanushkanth/Documents/CeyGo/ceygo/backend/src/modules/bookings/booking.controller.ts": {"path":"/Users/thanushkanth/Documents/CeyGo/ceygo/backend/src/modules/bookings/booking.controller.ts","statementMap":{"0":{"start":{"line":1,"column":0},"end":{"line":1,"column":95}},"1":{"start":{"line":2,"column":0},"end":{"line":2,"column":51}},"2":{"start":{"line":3,"column":0},"end":{"line":3,"column":60}},"3":{"start":{"line":4,"column":0},"end":{"line":4,"column":67}},"4":{"start":{"line":5,"column":0},"end":{"line":5,"column":62}},"5":{"start":{"line":6,"column":0},"end":{"line":6,"column":59}},"6":{"start":{"line":9,"column":7},"end":{"line":49,"column":null}},"7":{"start":{"line":10,"column":31},"end":{"line":10,"column":47}},"8":{"start":{"line":15,"column":4},"end":{"line":15,"column":76}},"9":{"start":{"line":21,"column":4},"end":{"line":21,"column":60}},"10":{"start":{"line":28,"column":4},"end":{"line":28,"column":61}},"11":{"start":{"line":34,"column":4},"end":{"line":34,"column":63}},"12":{"start":{"line":40,"column":4},"end":{"line":40,"column":62}},"13":{"start":{"line":47,"column":4},"end":{"line":47,"column":62}},"14":{"start":{"line":9,"column":13},"end":{"line":9,"column":30}},"15":{"start":{"line":14,"column":2},"end":{"line":16,"column":null}},"16":{"start":{"line":20,"column":2},"end":{"line":22,"column":null}},"17":{"start":{"line":27,"column":2},"end":{"line":29,"column":null}},"18":{"start":{"line":33,"column":2},"end":{"line":35,"column":null}},"19":{"start":{"line":39,"column":2},"end":{"line":41,"column":null}},"20":{"start":{"line":46,"column":2},"end":{"line":48,"column":null}},"21":{"start":{"line":9,"column":13},"end":{"line":49,"column":null}}},"fnMap":{"0":{"name":"(anonymous_4)","decl":{"start":{"line":10,"column":2},"end":{"line":10,"column":31}},"loc":{"start":{"line":10,"column":61},"end":{"line":10,"column":65}}},"1":{"name":"(anonymous_5)","decl":{"start":{"line":14,"column":2},"end":{"line":14,"column":8}},"loc":{"start":{"line":14,"column":67},"end":{"line":16,"column":3}}},"2":{"name":"(anonymous_6)","decl":{"start":{"line":20,"column":2},"end":{"line":20,"column":17}},"loc":{"start":{"line":20,"column":32},"end":{"line":22,"column":3}}},"3":{"name":"(anonymous_7)","decl":{"start":{"line":27,"column":2},"end":{"line":27,"column":18}},"loc":{"start":{"line":27,"column":33},"end":{"line":29,"column":3}}},"4":{"name":"(anonymous_8)","decl":{"start":{"line":33,"column":2},"end":{"line":33,"column":9}},"loc":{"start":{"line":33,"column":49},"end":{"line":35,"column":3}}},"5":{"name":"(anonymous_9)","decl":{"start":{"line":39,"column":2},"end":{"line":39,"column":8}},"loc":{"start":{"line":39,"column":48},"end":{"line":41,"column":3}}},"6":{"name":"(anonymous_10)","decl":{"start":{"line":46,"column":2},"end":{"line":46,"column":9}},"loc":{"start":{"line":46,"column":73},"end":{"line":48,"column":3}}}},"branchMap":{},"s":{"0":0,"1":0,"2":0,"3":0,"4":0,"5":0,"6":0,"7":0,"8":0,"9":0,"10":0,"11":0,"12":0,"13":0,"14":0,"15":0,"16":0,"17":0,"18":0,"19":0,"20":0,"21":0},"f":{"0":0,"1":0,"2":0,"3":0,"4":0,"5":0,"6":0},"b":{}}
,"/Users/thanushkanth/Documents/CeyGo/ceygo/backend/src/modules/bookings/booking.service.ts": {"path":"/Users/thanushkanth/Documents/CeyGo/ceygo/backend/src/modules/bookings/booking.service.ts","statementMap":{"0":{"start":{"line":1,"column":0},"end":{"line":1,"column":null}},"1":{"start":{"line":8,"column":0},"end":{"line":8,"column":82}},"2":{"start":{"line":9,"column":0},"end":{"line":9,"column":53}},"3":{"start":{"line":10,"column":0},"end":{"line":10,"column":52}},"4":{"start":{"line":11,"column":0},"end":{"line":11,"column":68}},"5":{"start":{"line":12,"column":0},"end":{"line":12,"column":59}},"6":{"start":{"line":13,"column":0},"end":{"line":13,"column":68}},"7":{"start":{"line":15,"column":0},"end":{"line":15,"column":67}},"8":{"start":{"line":18,"column":7},"end":{"line":205,"column":null}},"9":{"start":{"line":20,"column":21},"end":{"line":20,"column":25}},"10":{"start":{"line":22,"column":21},"end":{"line":22,"column":40}},"11":{"start":{"line":24,"column":21},"end":{"line":24,"column":40}},"12":{"start":{"line":26,"column":21},"end":{"line":26,"column":37}},"13":{"start":{"line":28,"column":21},"end":{"line":28,"column":40}},"14":{"start":{"line":29,"column":21},"end":{"line":29,"column":37}},"15":{"start":{"line":33,"column":93},"end":{"line":33,"column":109}},"16":{"start":{"line":34,"column":18},"end":{"line":34,"column":37}},"17":{"start":{"line":35,"column":16},"end":{"line":35,"column":33}},"18":{"start":{"line":37,"column":4},"end":{"line":39,"column":5}},"19":{"start":{"line":38,"column":6},"end":{"line":38,"column":71}},"20":{"start":{"line":41,"column":4},"end":{"line":43,"column":5}},"21":{"start":{"line":42,"column":6},"end":{"line":42,"column":70}},"22":{"start":{"line":45,"column":4},"end":{"line":120,"column":7}},"23":{"start":{"line":47,"column":22},"end":{"line":47,"column":108}},"24":{"start":{"line":48,"column":6},"end":{"line":50,"column":7}},"25":{"start":{"line":49,"column":8},"end":{"line":49,"column":57}},"26":{"start":{"line":52,"column":21},"end":{"line":52,"column":61}},"27":{"start":{"line":53,"column":6},"end":{"line":55,"column":7}},"28":{"start":{"line":54,"column":8},"end":{"line":54,"column":54}},"29":{"start":{"line":58,"column":33},"end":{"line":64,"column":8}},"30":{"start":{"line":66,"column":6},"end":{"line":68,"column":7}},"31":{"start":{"line":67,"column":8},"end":{"line":67,"column":81}},"32":{"start":{"line":71,"column":23},"end":{"line":71,"column":64}},"33":{"start":{"line":72,"column":23},"end":{"line":72,"column":71}},"34":{"start":{"line":73,"column":25},"end":{"line":73,"column":55}},"35":{"start":{"line":76,"column":22},"end":{"line":87,"column":8}},"36":{"start":{"line":90,"column":22},"end":{"line":95,"column":8}},"37":{"start":{"line":97,"column":6},"end":{"line":97,"column":32}},"38":{"start":{"line":99,"column":6},"end":{"line":99,"column":51}},"39":{"start":{"line":102,"column":26},"end":{"line":114,"column":8}},"40":{"start":{"line":116,"column":6},"end":{"line":119,"column":8}},"41":{"start":{"line":124,"column":20},"end":{"line":124,"column":109}},"42":{"start":{"line":125,"column":4},"end":{"line":127,"column":5}},"43":{"start":{"line":126,"column":6},"end":{"line":126,"column":55}},"44":{"start":{"line":129,"column":4},"end":{"line":129,"column":33}},"45":{"start":{"line":130,"column":4},"end":{"line":133,"column":5}},"46":{"start":{"line":131,"column":6},"end":{"line":131,"column":41}},"47":{"start":{"line":132,"column":6},"end":{"line":132,"column":46}},"48":{"start":{"line":135,"column":4},"end":{"line":135,"column":26}},"49":{"start":{"line":139,"column":4},"end":{"line":139,"column":19}},"50":{"start":{"line":143,"column":20},"end":{"line":145,"column":null}},"51":{"start":{"line":148,"column":4},"end":{"line":150,"column":5}},"52":{"start":{"line":149,"column":6},"end":{"line":149,"column":55}},"53":{"start":{"line":152,"column":21},"end":{"line":152,"column":49}},"54":{"start":{"line":153,"column":20},"end":{"line":153,"column":55}},"55":{"start":{"line":155,"column":4},"end":{"line":157,"column":5}},"56":{"start":{"line":156,"column":6},"end":{"line":156,"column":84}},"57":{"start":{"line":159,"column":4},"end":{"line":159,"column":33}},"58":{"start":{"line":161,"column":4},"end":{"line":169,"column":5}},"59":{"start":{"line":162,"column":23},"end":{"line":165,"column":8}},"60":{"start":{"line":166,"column":6},"end":{"line":168,"column":7}},"61":{"start":{"line":167,"column":8},"end":{"line":167,"column":42}},"62":{"start":{"line":171,"column":4},"end":{"line":171,"column":26}},"63":{"start":{"line":172,"column":4},"end":{"line":172,"column":19}},"64":{"start":{"line":176,"column":20},"end":{"line":178,"column":null}},"65":{"start":{"line":181,"column":4},"end":{"line":183,"column":5}},"66":{"start":{"line":182,"column":6},"end":{"line":182,"column":55}},"67":{"start":{"line":185,"column":4},"end":{"line":187,"column":5}},"68":{"start":{"line":186,"column":6},"end":{"line":186,"column":82}},"69":{"start":{"line":189,"column":4},"end":{"line":189,"column":19}},"70":{"start":{"line":193,"column":4},"end":{"line":196,"column":6}},"71":{"start":{"line":200,"column":4},"end":{"line":203,"column":6}},"72":{"start":{"line":18,"column":13},"end":{"line":18,"column":27}},"73":{"start":{"line":18,"column":13},"end":{"line":205,"column":null}}},"fnMap":{"0":{"name":"(anonymous_4)","decl":{"start":{"line":19,"column":2},"end":{"line":19,"column":null}},"loc":{"start":{"line":29,"column":51},"end":{"line":30,"column":6}}},"1":{"name":"(anonymous_5)","decl":{"start":{"line":32,"column":2},"end":{"line":32,"column":7}},"loc":{"start":{"line":32,"column":74},"end":{"line":121,"column":3}}},"2":{"name":"(anonymous_6)","decl":{"start":{"line":45,"column":39},"end":{"line":45,"column":44}},"loc":{"start":{"line":45,"column":52},"end":{"line":120,"column":5}}},"3":{"name":"(anonymous_7)","decl":{"start":{"line":123,"column":2},"end":{"line":123,"column":7}},"loc":{"start":{"line":123,"column":60},"end":{"line":140,"column":3}}},"4":{"name":"(anonymous_8)","decl":{"start":{"line":142,"column":2},"end":{"line":142,"column":7}},"loc":{"start":{"line":142,"column":55},"end":{"line":173,"column":3}}},"5":{"name":"(anonymous_9)","decl":{"start":{"line":175,"column":2},"end":{"line":175,"column":7}},"loc":{"start":{"line":175,"column":49},"end":{"line":190,"column":3}}},"6":{"name":"(anonymous_10)","decl":{"start":{"line":192,"column":2},"end":{"line":192,"column":7}},"loc":{"start":{"line":192,"column":38},"end":{"line":197,"column":3}}},"7":{"name":"(anonymous_11)","decl":{"start":{"line":199,"column":2},"end":{"line":199,"column":7}},"loc":{"start":{"line":199,"column":40},"end":{"line":204,"column":3}}}},"branchMap":{"0":{"loc":{"start":{"line":37,"column":4},"end":{"line":39,"column":5}},"type":"if","locations":[{"start":{"line":37,"column":4},"end":{"line":39,"column":5}}]},"1":{"loc":{"start":{"line":41,"column":4},"end":{"line":43,"column":5}},"type":"if","locations":[{"start":{"line":41,"column":4},"end":{"line":43,"column":5}}]},"2":{"loc":{"start":{"line":48,"column":6},"end":{"line":50,"column":7}},"type":"if","locations":[{"start":{"line":48,"column":6},"end":{"line":50,"column":7}}]},"3":{"loc":{"start":{"line":53,"column":6},"end":{"line":55,"column":7}},"type":"if","locations":[{"start":{"line":53,"column":6},"end":{"line":55,"column":7}}]},"4":{"loc":{"start":{"line":66,"column":6},"end":{"line":68,"column":7}},"type":"if","locations":[{"start":{"line":66,"column":6},"end":{"line":68,"column":7}}]},"5":{"loc":{"start":{"line":72,"column":23},"end":{"line":72,"column":71}},"type":"binary-expr","locations":[{"start":{"line":72,"column":23},"end":{"line":72,"column":66}},{"start":{"line":72,"column":70},"end":{"line":72,"column":71}}]},"6":{"loc":{"start":{"line":107,"column":19},"end":{"line":107,"column":55}},"type":"binary-expr","locations":[{"start":{"line":107,"column":19},"end":{"line":107,"column":44}},{"start":{"line":107,"column":48},"end":{"line":107,"column":55}}]},"7":{"loc":{"start":{"line":108,"column":18},"end":{"line":108,"column":69}},"type":"binary-expr","locations":[{"start":{"line":108,"column":18},"end":{"line":108,"column":59}},{"start":{"line":108,"column":63},"end":{"line":108,"column":69}}]},"8":{"loc":{"start":{"line":125,"column":4},"end":{"line":127,"column":5}},"type":"if","locations":[{"start":{"line":125,"column":4},"end":{"line":127,"column":5}}]},"9":{"loc":{"start":{"line":130,"column":4},"end":{"line":133,"column":5}},"type":"if","locations":[{"start":{"line":130,"column":4},"end":{"line":133,"column":5}}]},"10":{"loc":{"start":{"line":148,"column":4},"end":{"line":150,"column":5}},"type":"if","locations":[{"start":{"line":148,"column":4},"end":{"line":150,"column":5}}]},"11":{"loc":{"start":{"line":155,"column":4},"end":{"line":157,"column":5}},"type":"if","locations":[{"start":{"line":155,"column":4},"end":{"line":157,"column":5}}]},"12":{"loc":{"start":{"line":155,"column":8},"end":{"line":155,"column":29}},"type":"binary-expr","locations":[{"start":{"line":155,"column":8},"end":{"line":155,"column":17}},{"start":{"line":155,"column":21},"end":{"line":155,"column":29}}]},"13":{"loc":{"start":{"line":161,"column":4},"end":{"line":169,"column":5}},"type":"if","locations":[{"start":{"line":161,"column":4},"end":{"line":169,"column":5}}]},"14":{"loc":{"start":{"line":161,"column":8},"end":{"line":161,"column":63}},"type":"binary-expr","locations":[{"start":{"line":161,"column":8},"end":{"line":161,"column":23}},{"start":{"line":161,"column":27},"end":{"line":161,"column":63}}]},"15":{"loc":{"start":{"line":166,"column":6},"end":{"line":168,"column":7}},"type":"if","locations":[{"start":{"line":166,"column":6},"end":{"line":168,"column":7}}]},"16":{"loc":{"start":{"line":181,"column":4},"end":{"line":183,"column":5}},"type":"if","locations":[{"start":{"line":181,"column":4},"end":{"line":183,"column":5}}]},"17":{"loc":{"start":{"line":185,"column":4},"end":{"line":187,"column":5}},"type":"if","locations":[{"start":{"line":185,"column":4},"end":{"line":187,"column":5}}]},"18":{"loc":{"start":{"line":185,"column":8},"end":{"line":185,"column":75}},"type":"binary-expr","locations":[{"start":{"line":185,"column":8},"end":{"line":185,"column":36}},{"start":{"line":185,"column":40},"end":{"line":185,"column":75}}]}},"s":{"0":1,"1":1,"2":1,"3":1,"4":1,"5":1,"6":1,"7":1,"8":1,"9":5,"10":5,"11":5,"12":5,"13":5,"14":5,"15":4,"16":4,"17":4,"18":4,"19":1,"20":3,"21":0,"22":3,"23":3,"24":3,"25":0,"26":3,"27":3,"28":0,"29":3,"30":3,"31":1,"32":2,"33":2,"34":2,"35":2,"36":2,"37":2,"38":2,"39":2,"40":2,"41":0,"42":0,"43":0,"44":0,"45":0,"46":0,"47":0,"48":0,"49":0,"50":0,"51":0,"52":0,"53":0,"54":0,"55":0,"56":0,"57":0,"58":0,"59":0,"60":0,"61":0,"62":0,"63":0,"64":0,"65":0,"66":0,"67":0,"68":0,"69":0,"70":0,"71":0,"72":1,"73":1},"f":{"0":5,"1":4,"2":3,"3":0,"4":0,"5":0,"6":0,"7":0},"b":{"0":[1],"1":[0],"2":[0],"3":[0],"4":[1],"5":[2,0],"6":[2,0],"7":[2,0],"8":[0],"9":[0],"10":[0],"11":[0],"12":[0,0],"13":[0],"14":[0,0],"15":[0],"16":[0],"17":[0],"18":[0,0]}}
,"/Users/thanushkanth/Documents/CeyGo/ceygo/backend/src/modules/bookings/bookings.module.ts": {"path":"/Users/thanushkanth/Documents/CeyGo/ceygo/backend/src/modules/bookings/bookings.module.ts","statementMap":{"0":{"start":{"line":1,"column":0},"end":{"line":1,"column":40}},"1":{"start":{"line":2,"column":0},"end":{"line":2,"column":51}},"2":{"start":{"line":3,"column":0},"end":{"line":3,"column":52}},"3":{"start":{"line":4,"column":0},"end":{"line":4,"column":68}},"4":{"start":{"line":5,"column":0},"end":{"line":5,"column":59}},"5":{"start":{"line":6,"column":0},"end":{"line":6,"column":68}},"6":{"start":{"line":7,"column":0},"end":{"line":7,"column":51}},"7":{"start":{"line":8,"column":0},"end":{"line":8,"column":57}},"8":{"start":{"line":9,"column":0},"end":{"line":9,"column":67}},"9":{"start":{"line":20,"column":7},"end":{"line":20,"column":null}},"10":{"start":{"line":20,"column":13},"end":{"line":20,"column":27}},"11":{"start":{"line":20,"column":13},"end":{"line":20,"column":null}}},"fnMap":{},"branchMap":{},"s":{"0":0,"1":0,"2":0,"3":0,"4":0,"5":0,"6":0,"7":0,"8":0,"9":0,"10":0,"11":0},"f":{},"b":{}}
,"/Users/thanushkanth/Documents/CeyGo/ceygo/backend/src/modules/bookings/dto/create-booking.dto.ts": {"path":"/Users/thanushkanth/Documents/CeyGo/ceygo/backend/src/modules/bookings/dto/create-booking.dto.ts","statementMap":{"0":{"start":{"line":1,"column":0},"end":{"line":1,"column":89}},"1":{"start":{"line":4,"column":0},"end":{"line":4,"column":13}},"2":{"start":{"line":7,"column":2},"end":{"line":7,"column":null}},"3":{"start":{"line":11,"column":2},"end":{"line":11,"column":null}},"4":{"start":{"line":15,"column":2},"end":{"line":15,"column":null}},"5":{"start":{"line":19,"column":2},"end":{"line":19,"column":null}},"6":{"start":{"line":23,"column":2},"end":{"line":23,"column":null}},"7":{"start":{"line":27,"column":2},"end":{"line":27,"column":null}}},"fnMap":{},"branchMap":{},"s":{"0":0,"1":0,"2":0,"3":0,"4":0,"5":0,"6":0,"7":0},"f":{},"b":{}}
,"/Users/thanushkanth/Documents/CeyGo/ceygo/backend/src/modules/bookings/entities/booking.entity.ts": {"path":"/Users/thanushkanth/Documents/CeyGo/ceygo/backend/src/modules/bookings/entities/booking.entity.ts","statementMap":{"0":{"start":{"line":1,"column":0},"end":{"line":1,"column":96}},"1":{"start":{"line":2,"column":0},"end":{"line":2,"column":81}},"2":{"start":{"line":3,"column":0},"end":{"line":3,"column":26}},"3":{"start":{"line":4,"column":0},"end":{"line":4,"column":59}},"4":{"start":{"line":5,"column":0},"end":{"line":5,"column":68}},"5":{"start":{"line":6,"column":0},"end":{"line":6,"column":68}},"6":{"start":{"line":9,"column":7},"end":{"line":62,"column":null}},"7":{"start":{"line":11,"column":2},"end":{"line":11,"column":20}},"8":{"start":{"line":48,"column":2},"end":{"line":48,"column":27}},"9":{"start":{"line":52,"column":2},"end":{"line":52,"column":29}},"10":{"start":{"line":58,"column":2},"end":{"line":58,"column":31}},"11":{"start":{"line":61,"column":2},"end":{"line":61,"column":31}},"12":{"start":{"line":9,"column":13},"end":{"line":9,"column":20}},"13":{"start":{"line":11,"column":2},"end":{"line":11,"column":null}},"14":{"start":{"line":14,"column":2},"end":{"line":14,"column":null}},"15":{"start":{"line":13,"column":19},"end":{"line":13,"column":23}},"16":{"start":{"line":17,"column":2},"end":{"line":17,"column":null}},"17":{"start":{"line":16,"column":19},"end":{"line":16,"column":26}},"18":{"start":{"line":22,"column":2},"end":{"line":22,"column":null}},"19":{"start":{"line":27,"column":2},"end":{"line":27,"column":null}},"20":{"start":{"line":31,"column":2},"end":{"line":31,"column":null}},"21":{"start":{"line":35,"column":2},"end":{"line":35,"column":null}},"22":{"start":{"line":40,"column":2},"end":{"line":40,"column":null}},"23":{"start":{"line":44,"column":2},"end":{"line":44,"column":null}},"24":{"start":{"line":48,"column":2},"end":{"line":48,"column":null}},"25":{"start":{"line":52,"column":2},"end":{"line":52,"column":null}},"26":{"start":{"line":55,"column":2},"end":{"line":55,"column":null}},"27":{"start":{"line":54,"column":18},"end":{"line":54,"column":25}},"28":{"start":{"line":54,"column":49},"end":{"line":54,"column":64}},"29":{"start":{"line":58,"column":2},"end":{"line":58,"column":null}},"30":{"start":{"line":57,"column":30},"end":{"line":57,"column":40}},"31":{"start":{"line":61,"column":2},"end":{"line":61,"column":null}},"32":{"start":{"line":60,"column":30},"end":{"line":60,"column":40}},"33":{"start":{"line":9,"column":13},"end":{"line":62,"column":null}}},"fnMap":{"0":{"name":"(anonymous_2)","decl":{"start":{"line":9,"column":7},"end":{"line":9,"column":13}},"loc":{"start":{"line":9,"column":7},"end":{"line":62,"column":1}}},"1":{"name":"(anonymous_3)","decl":{"start":{"line":13,"column":13},"end":{"line":13,"column":16}},"loc":{"start":{"line":13,"column":19},"end":{"line":13,"column":23}}},"2":{"name":"(anonymous_4)","decl":{"start":{"line":16,"column":13},"end":{"line":16,"column":16}},"loc":{"start":{"line":16,"column":19},"end":{"line":16,"column":26}}},"3":{"name":"(anonymous_5)","decl":{"start":{"line":54,"column":12},"end":{"line":54,"column":15}},"loc":{"start":{"line":54,"column":18},"end":{"line":54,"column":25}}},"4":{"name":"(anonymous_6)","decl":{"start":{"line":54,"column":27},"end":{"line":54,"column":28}},"loc":{"start":{"line":54,"column":49},"end":{"line":54,"column":64}}},"5":{"name":"(anonymous_7)","decl":{"start":{"line":57,"column":24},"end":{"line":57,"column":27}},"loc":{"start":{"line":57,"column":30},"end":{"line":57,"column":40}}},"6":{"name":"(anonymous_8)","decl":{"start":{"line":60,"column":24},"end":{"line":60,"column":27}},"loc":{"start":{"line":60,"column":30},"end":{"line":60,"column":40}}}},"branchMap":{},"s":{"0":2,"1":2,"2":2,"3":2,"4":2,"5":2,"6":2,"7":1,"8":1,"9":1,"10":1,"11":1,"12":2,"13":2,"14":2,"15":0,"16":2,"17":0,"18":2,"19":2,"20":2,"21":2,"22":2,"23":2,"24":2,"25":2,"26":2,"27":0,"28":0,"29":2,"30":0,"31":2,"32":0,"33":2},"f":{"0":1,"1":0,"2":0,"3":0,"4":0,"5":0,"6":0},"b":{}}
,"/Users/thanushkanth/Documents/CeyGo/ceygo/backend/src/modules/chat/chat.controller.ts": {"path":"/Users/thanushkanth/Documents/CeyGo/ceygo/backend/src/modules/chat/chat.controller.ts","statementMap":{"0":{"start":{"line":1,"column":0},"end":{"line":1,"column":95}},"1":{"start":{"line":2,"column":0},"end":{"line":2,"column":45}},"2":{"start":{"line":3,"column":0},"end":{"line":3,"column":67}},"3":{"start":{"line":7,"column":7},"end":{"line":41,"column":null}},"4":{"start":{"line":8,"column":31},"end":{"line":8,"column":44}},"5":{"start":{"line":12,"column":4},"end":{"line":12,"column":58}},"6":{"start":{"line":21,"column":4},"end":{"line":21,"column":71}},"7":{"start":{"line":26,"column":4},"end":{"line":26,"column":56}},"8":{"start":{"line":34,"column":4},"end":{"line":34,"column":84}},"9":{"start":{"line":39,"column":4},"end":{"line":39,"column":62}},"10":{"start":{"line":7,"column":13},"end":{"line":7,"column":27}},"11":{"start":{"line":11,"column":2},"end":{"line":13,"column":null}},"12":{"start":{"line":16,"column":2},"end":{"line":22,"column":null}},"13":{"start":{"line":25,"column":2},"end":{"line":27,"column":null}},"14":{"start":{"line":30,"column":2},"end":{"line":35,"column":null}},"15":{"start":{"line":38,"column":2},"end":{"line":40,"column":null}},"16":{"start":{"line":7,"column":13},"end":{"line":41,"column":null}}},"fnMap":{"0":{"name":"(anonymous_4)","decl":{"start":{"line":8,"column":2},"end":{"line":8,"column":31}},"loc":{"start":{"line":8,"column":55},"end":{"line":8,"column":59}}},"1":{"name":"(anonymous_5)","decl":{"start":{"line":11,"column":2},"end":{"line":11,"column":18}},"loc":{"start":{"line":11,"column":33},"end":{"line":13,"column":3}}},"2":{"name":"(anonymous_6)","decl":{"start":{"line":16,"column":2},"end":{"line":16,"column":13}},"loc":{"start":{"line":19,"column":31},"end":{"line":22,"column":3}}},"3":{"name":"(anonymous_7)","decl":{"start":{"line":25,"column":2},"end":{"line":25,"column":16}},"loc":{"start":{"line":25,"column":31},"end":{"line":27,"column":3}}},"4":{"name":"(anonymous_8)","decl":{"start":{"line":30,"column":2},"end":{"line":30,"column":13}},"loc":{"start":{"line":32,"column":57},"end":{"line":35,"column":3}}},"5":{"name":"(anonymous_9)","decl":{"start":{"line":38,"column":2},"end":{"line":38,"column":12}},"loc":{"start":{"line":38,"column":64},"end":{"line":40,"column":3}}}},"branchMap":{},"s":{"0":0,"1":0,"2":0,"3":0,"4":0,"5":0,"6":0,"7":0,"8":0,"9":0,"10":0,"11":0,"12":0,"13":0,"14":0,"15":0,"16":0},"f":{"0":0,"1":0,"2":0,"3":0,"4":0,"5":0},"b":{}}
,"/Users/thanushkanth/Documents/CeyGo/ceygo/backend/src/modules/chat/chat.gateway.ts": {"path":"/Users/thanushkanth/Documents/CeyGo/ceygo/backend/src/modules/chat/chat.gateway.ts","statementMap":{"0":{"start":{"line":1,"column":0},"end":{"line":1,"column":null}},"1":{"start":{"line":10,"column":0},"end":{"line":10,"column":43}},"2":{"start":{"line":11,"column":0},"end":{"line":11,"column":51}},"3":{"start":{"line":12,"column":0},"end":{"line":12,"column":41}},"4":{"start":{"line":13,"column":0},"end":{"line":13,"column":47}},"5":{"start":{"line":14,"column":0},"end":{"line":14,"column":45}},"6":{"start":{"line":21,"column":24},"end":{"line":95,"column":null}},"7":{"start":{"line":28,"column":21},"end":{"line":28,"column":34}},"8":{"start":{"line":29,"column":21},"end":{"line":29,"column":33}},"9":{"start":{"line":30,"column":21},"end":{"line":30,"column":36}},"10":{"start":{"line":25,"column":19},"end":{"line":25,"column":57}},"11":{"start":{"line":34,"column":4},"end":{"line":58,"column":5}},"12":{"start":{"line":35,"column":20},"end":{"line":35,"column":104}},"13":{"start":{"line":36,"column":6},"end":{"line":39,"column":7}},"14":{"start":{"line":37,"column":8},"end":{"line":37,"column":28}},"15":{"start":{"line":38,"column":8},"end":{"line":38,"column":15}},"16":{"start":{"line":41,"column":22},"end":{"line":43,"column":8}},"17":{"start":{"line":45,"column":21},"end":{"line":45,"column":32}},"18":{"start":{"line":46,"column":6},"end":{"line":46,"column":34}},"19":{"start":{"line":49,"column":6},"end":{"line":49,"column":36}},"20":{"start":{"line":52,"column":6},"end":{"line":52,"column":57}},"21":{"start":{"line":54,"column":6},"end":{"line":54,"column":66}},"22":{"start":{"line":56,"column":6},"end":{"line":56,"column":59}},"23":{"start":{"line":57,"column":6},"end":{"line":57,"column":26}},"24":{"start":{"line":62,"column":19},"end":{"line":62,"column":37}},"25":{"start":{"line":63,"column":4},"end":{"line":66,"column":5}},"26":{"start":{"line":64,"column":6},"end":{"line":64,"column":58}},"27":{"start":{"line":65,"column":6},"end":{"line":65,"column":69}},"28":{"start":{"line":74,"column":21},"end":{"line":74,"column":39}},"29":{"start":{"line":75,"column":4},"end":{"line":75,"column":26}},"30":{"start":{"line":75,"column":19},"end":{"line":75,"column":26}},"31":{"start":{"line":77,"column":4},"end":{"line":93,"column":5}},"32":{"start":{"line":78,"column":26},"end":{"line":81,"column":null}},"33":{"start":{"line":85,"column":6},"end":{"line":85,"column":85}},"34":{"start":{"line":88,"column":6},"end":{"line":88,"column":78}},"35":{"start":{"line":90,"column":6},"end":{"line":90,"column":25}},"36":{"start":{"line":92,"column":6},"end":{"line":92,"column":55}},"37":{"start":{"line":21,"column":13},"end":{"line":21,"column":24}},"38":{"start":{"line":23,"column":2},"end":{"line":23,"column":null}},"39":{"start":{"line":70,"column":8},"end":{"line":94,"column":null}},"40":{"start":{"line":21,"column":13},"end":{"line":95,"column":null}}},"fnMap":{"0":{"name":"(anonymous_4)","decl":{"start":{"line":27,"column":2},"end":{"line":27,"column":null}},"loc":{"start":{"line":30,"column":49},"end":{"line":31,"column":6}}},"1":{"name":"(anonymous_5)","decl":{"start":{"line":33,"column":2},"end":{"line":33,"column":7}},"loc":{"start":{"line":33,"column":39},"end":{"line":59,"column":3}}},"2":{"name":"(anonymous_6)","decl":{"start":{"line":61,"column":2},"end":{"line":61,"column":7}},"loc":{"start":{"line":61,"column":39},"end":{"line":67,"column":3}}},"3":{"name":"(anonymous_7)","decl":{"start":{"line":70,"column":2},"end":{"line":70,"column":7}},"loc":{"start":{"line":72,"column":64},"end":{"line":94,"column":3}}}},"branchMap":{"0":{"loc":{"start":{"line":35,"column":20},"end":{"line":35,"column":104}},"type":"binary-expr","locations":[{"start":{"line":35,"column":20},"end":{"line":35,"column":47}},{"start":{"line":35,"column":51},"end":{"line":35,"column":104}}]},"1":{"loc":{"start":{"line":36,"column":6},"end":{"line":39,"column":7}},"type":"if","locations":[{"start":{"line":36,"column":6},"end":{"line":39,"column":7}}]},"2":{"loc":{"start":{"line":63,"column":4},"end":{"line":66,"column":5}},"type":"if","locations":[{"start":{"line":63,"column":4},"end":{"line":66,"column":5}}]},"3":{"loc":{"start":{"line":75,"column":4},"end":{"line":75,"column":26}},"type":"if","locations":[{"start":{"line":75,"column":4},"end":{"line":75,"column":26}}]}},"s":{"0":0,"1":0,"2":0,"3":0,"4":0,"5":0,"6":0,"7":0,"8":0,"9":0,"10":0,"11":0,"12":0,"13":0,"14":0,"15":0,"16":0,"17":0,"18":0,"19":0,"20":0,"21":0,"22":0,"23":0,"24":0,"25":0,"26":0,"27":0,"28":0,"29":0,"30":0,"31":0,"32":0,"33":0,"34":0,"35":0,"36":0,"37":0,"38":0,"39":0,"40":0},"f":{"0":0,"1":0,"2":0,"3":0},"b":{"0":[0,0],"1":[0],"2":[0],"3":[0]}}
[...]
column":26}},"32":{"start":{"line":70,"column":4},"end":{"line":70,"column":56}},"33":{"start":{"line":74,"column":19},"end":{"line":74,"column":72}},"34":{"start":{"line":75,"column":4},"end":{"line":75,"column":30}},"35":{"start":{"line":75,"column":16},"end":{"line":75,"column":30}},"36":{"start":{"line":77,"column":20},"end":{"line":79,"column":null}},"37":{"start":{"line":82,"column":4},"end":{"line":84,"column":5}},"38":{"start":{"line":83,"column":6},"end":{"line":83,"column":55}},"39":{"start":{"line":86,"column":4},"end":{"line":86,"column":67}},"40":{"start":{"line":87,"column":4},"end":{"line":87,"column":19}},"41":{"start":{"line":91,"column":4},"end":{"line":91,"column":76}},"42":{"start":{"line":112,"column":8},"end":{"line":112,"column":22}},"43":{"start":{"line":114,"column":21},"end":{"line":114,"column":56}},"44":{"start":{"line":115,"column":26},"end":{"line":115,"column":63}},"45":{"start":{"line":116,"column":4},"end":{"line":116,"column":44}},"46":{"start":{"line":116,"column":23},"end":{"line":116,"column":44}},"47":{"start":{"line":118,"column":15},"end":{"line":118,"column":61}},"48":{"start":{"line":119,"column":4},"end":{"line":120,"column":77}},"49":{"start":{"line":122,"column":4},"end":{"line":124,"column":5}},"50":{"start":{"line":123,"column":6},"end":{"line":123,"column":79}},"51":{"start":{"line":126,"column":4},"end":{"line":126,"column":44}},"52":{"start":{"line":126,"column":18},"end":{"line":126,"column":44}},"53":{"start":{"line":127,"column":4},"end":{"line":127,"column":52}},"54":{"start":{"line":127,"column":22},"end":{"line":127,"column":52}},"55":{"start":{"line":128,"column":4},"end":{"line":128,"column":55}},"56":{"start":{"line":128,"column":15},"end":{"line":128,"column":55}},"57":{"start":{"line":129,"column":4},"end":{"line":129,"column":67}},"58":{"start":{"line":129,"column":18},"end":{"line":129,"column":67}},"59":{"start":{"line":130,"column":4},"end":{"line":130,"column":67}},"60":{"start":{"line":130,"column":18},"end":{"line":130,"column":67}},"61":{"start":{"line":133,"column":4},"end":{"line":135,"column":5}},"62":{"start":{"line":134,"column":6},"end":{"line":134,"column":119}},"63":{"start":{"line":138,"column":4},"end":{"line":150,"column":5}},"64":{"start":{"line":139,"column":20},"end":{"line":139,"column":39}},"65":{"start":{"line":140,"column":18},"end":{"line":140,"column":35}},"66":{"start":{"line":142,"column":26},"end":{"line":147,"column":10}},"67":{"start":{"line":149,"column":6},"end":{"line":149,"column":70}},"68":{"start":{"line":152,"column":4},"end":{"line":154,"column":34}},"69":{"start":{"line":156,"column":27},"end":{"line":156,"column":55}},"70":{"start":{"line":158,"column":19},"end":{"line":167,"column":6}},"71":{"start":{"line":169,"column":4},"end":{"line":169,"column":59}},"72":{"start":{"line":170,"column":4},"end":{"line":170,"column":18}},"73":{"start":{"line":174,"column":21},"end":{"line":174,"column":65}},"74":{"start":{"line":175,"column":19},"end":{"line":175,"column":65}},"75":{"start":{"line":176,"column":4},"end":{"line":176,"column":44}},"76":{"start":{"line":176,"column":30},"end":{"line":176,"column":44}},"77":{"start":{"line":178,"column":18},"end":{"line":178,"column":37}},"78":{"start":{"line":179,"column":16},"end":{"line":179,"column":33}},"79":{"start":{"line":181,"column":24},"end":{"line":187,"column":6}},"80":{"start":{"line":189,"column":24},"end":{"line":189,"column":36}},"81":{"start":{"line":190,"column":4},"end":{"line":190,"column":63}},"82":{"start":{"line":191,"column":4},"end":{"line":191,"column":23}},"83":{"start":{"line":13,"column":13},"end":{"line":13,"column":28}},"84":{"start":{"line":13,"column":13},"end":{"line":193,"column":null}}},"fnMap":{"0":{"name":"(anonymous_4)","decl":{"start":{"line":14,"column":2},"end":{"line":14,"column":null}},"loc":{"start":{"line":20,"column":54},"end":{"line":21,"column":6}}},"1":{"name":"(anonymous_5)","decl":{"start":{"line":23,"column":2},"end":{"line":23,"column":7}},"loc":{"start":{"line":23,"column":73},"end":{"line":34,"column":3}}},"2":{"name":"(anonymous_6)","decl":{"start":{"line":36,"column":2},"end":{"line":36,"column":7}},"loc":{"start":{"line":36,"column":92},"end":{"line":54,"column":3}}},"3":{"name":"(anonymous_7)","decl":{"start":{"line":56,"column":2},"end":{"line":56,"column":7}},"loc":{"start":{"line":56,"column":56},"end":{"line":71,"column":3}}},"4":{"name":"(anonymous_8)","decl":{"start":{"line":73,"column":2},"end":{"line":73,"column":7}},"loc":{"start":{"line":73,"column":33},"end":{"line":88,"column":3}}},"5":{"name":"(anonymous_9)","decl":{"start":{"line":90,"column":2},"end":{"line":90,"column":7}},"loc":{"start":{"line":90,"column":40},"end":{"line":92,"column":3}}},"6":{"name":"(anonymous_10)","decl":{"start":{"line":94,"column":2},"end":{"line":94,"column":7}},"loc":{"start":{"line":94,"column":110},"end":{"line":171,"column":3}}},"7":{"name":"(anonymous_11)","decl":{"start":{"line":173,"column":2},"end":{"line":173,"column":7}},"loc":{"start":{"line":173,"column":79},"end":{"line":192,"column":3}}}},"branchMap":{"0":{"loc":{"start":{"line":38,"column":4},"end":{"line":40,"column":5}},"type":"if","locations":[{"start":{"line":38,"column":4},"end":{"line":40,"column":5}}]},"1":{"loc":{"start":{"line":42,"column":4},"end":{"line":44,"column":5}},"type":"if","locations":[{"start":{"line":42,"column":4},"end":{"line":44,"column":5}}]},"2":{"loc":{"start":{"line":58,"column":4},"end":{"line":60,"column":5}},"type":"if","locations":[{"start":{"line":58,"column":4},"end":{"line":60,"column":5}}]},"3":{"loc":{"start":{"line":62,"column":4},"end":{"line":64,"column":5}},"type":"if","locations":[{"start":{"line":62,"column":4},"end":{"line":64,"column":5}}]},"4":{"loc":{"start":{"line":75,"column":4},"end":{"line":75,"column":30}},"type":"if","locations":[{"start":{"line":75,"column":4},"end":{"line":75,"column":30}}]},"5":{"loc":{"start":{"line":82,"column":4},"end":{"line":84,"column":5}},"type":"if","locations":[{"start":{"line":82,"column":4},"end":{"line":84,"column":5}}]},"6":{"loc":{"start":{"line":104,"column":6},"end":{"line":104,"column":14}},"type":"default-arg","locations":[{"start":{"line":104,"column":13},"end":{"line":104,"column":14}}]},"7":{"loc":{"start":{"line":105,"column":6},"end":{"line":105,"column":16}},"type":"default-arg","locations":[{"start":{"line":105,"column":14},"end":{"line":105,"column":16}}]},"8":{"loc":{"start":{"line":106,"column":6},"end":{"line":106,"column":26}},"type":"default-arg","locations":[{"start":{"line":106,"column":15},"end":{"line":106,"column":26}}]},"9":{"loc":{"start":{"line":107,"column":6},"end":{"line":107,"column":24}},"type":"default-arg","locations":[{"start":{"line":107,"column":18},"end":{"line":107,"column":24}}]},"10":{"loc":{"start":{"line":110,"column":6},"end":{"line":110,"column":17}},"type":"default-arg","locations":[{"start":{"line":110,"column":15},"end":{"line":110,"column":17}}]},"11":{"loc":{"start":{"line":116,"column":4},"end":{"line":116,"column":44}},"type":"if","locations":[{"start":{"line":116,"column":4},"end":{"line":116,"column":44}}]},"12":{"loc":{"start":{"line":122,"column":4},"end":{"line":124,"column":5}},"type":"if","locations":[{"start":{"line":122,"column":4},"end":{"line":124,"column":5}}]},"13":{"loc":{"start":{"line":126,"column":4},"end":{"line":126,"column":44}},"type":"if","locations":[{"start":{"line":126,"column":4},"end":{"line":126,"column":44}}]},"14":{"loc":{"start":{"line":127,"column":4},"end":{"line":127,"column":52}},"type":"if","locations":[{"start":{"line":127,"column":4},"end":{"line":127,"column":52}}]},"15":{"loc":{"start":{"line":128,"column":4},"end":{"line":128,"column":55}},"type":"if","locations":[{"start":{"line":128,"column":4},"end":{"line":128,"column":55}}]},"16":{"loc":{"start":{"line":129,"column":4},"end":{"line":129,"column":67}},"type":"if","locations":[{"start":{"line":129,"column":4},"end":{"line":129,"column":67}}]},"17":{"loc":{"start":{"line":130,"column":4},"end":{"line":130,"column":67}},"type":"if","locations":[{"start":{"line":130,"column":4},"end":{"line":130,"column":67}}]},"18":{"loc":{"start":{"line":133,"column":4},"end":{"line":135,"column":5}},"type":"if","locations":[{"start":{"line":133,"column":4},"end":{"line":135,"column":5}}]},"19":{"loc":{"start":{"line":133,"column":8},"end":{"line":133,"column":18}},"type":"binary-expr","locations":[{"start":{"line":133,"column":8},"end":{"line":133,"column":11}},{"start":{"line":133,"column":15},"end":{"line":133,"column":18}}]},"20":{"loc":{"start":{"line":138,"column":4},"end":{"line":150,"column":5}},"type":"if","locations":[{"start":{"line":138,"column":4},"end":{"line":150,"column":5}}]},"21":{"loc":{"start":{"line":138,"column":8},"end":{"line":138,"column":28}},"type":"binary-expr","locations":[{"start":{"line":138,"column":8},"end":{"line":138,"column":17}},{"start":{"line":138,"column":21},"end":{"line":138,"column":28}}]},"22":{"loc":{"start":{"line":176,"column":4},"end":{"line":176,"column":44}},"type":"if","locations":[{"start":{"line":176,"column":4},"end":{"line":176,"column":44}}]}},"s":{"0":1,"1":1,"2":1,"3":1,"4":1,"5":1,"6":1,"7":6,"8":6,"9":6,"10":6,"11":0,"12":0,"13":0,"14":0,"15":0,"16":0,"17":0,"18":0,"19":0,"20":0,"21":0,"22":0,"23":0,"24":0,"25":0,"26":0,"27":0,"28":0,"29":0,"30":0,"31":0,"32":0,"33":1,"34":1,"35":1,"36":0,"37":0,"38":0,"39":0,"40":0,"41":0,"42":1,"43":1,"44":1,"45":1,"46":0,"47":1,"48":1,"49":1,"50":0,"51":1,"52":0,"53":1,"54":0,"55":1,"56":0,"57":1,"58":0,"59":1,"60":0,"61":1,"62":0,"63":1,"64":0,"65":0,"66":0,"67":0,"68":1,"69":1,"70":1,"71":1,"72":1,"73":3,"74":3,"75":3,"76":1,"77":2,"78":2,"79":2,"80":2,"81":2,"82":2,"83":1,"84":1},"f":{"0":6,"1":0,"2":0,"3":0,"4":1,"5":0,"6":1,"7":3},"b":{"0":[0],"1":[0],"2":[0],"3":[0],"4":[1],"5":[0],"6":[1],"7":[1],"8":[1],"9":[1],"10":[1],"11":[0],"12":[0],"13":[0],"14":[0],"15":[0],"16":[0],"17":[0],"18":[0],"19":[1,0],"20":[0],"21":[1,0],"22":[1]}}
,"/Users/thanushkanth/Documents/CeyGo/ceygo/backend/src/modules/vehicles/dto/create-vehicle.dto.ts": {"path":"/Users/thanushkanth/Documents/CeyGo/ceygo/backend/src/modules/vehicles/dto/create-vehicle.dto.ts","statementMap":{"0":{"start":{"line":1,"column":0},"end":{"line":1,"column":122}},"1":{"start":{"line":47,"column":2},"end":{"line":47,"column":43}},"2":{"start":{"line":3,"column":0},"end":{"line":3,"column":13}},"3":{"start":{"line":6,"column":2},"end":{"line":6,"column":null}},"4":{"start":{"line":10,"column":2},"end":{"line":10,"column":null}},"5":{"start":{"line":14,"column":2},"end":{"line":14,"column":null}},"6":{"start":{"line":18,"column":2},"end":{"line":18,"column":null}},"7":{"start":{"line":23,"column":2},"end":{"line":23,"column":null}},"8":{"start":{"line":28,"column":2},"end":{"line":28,"column":null}},"9":{"start":{"line":32,"column":2},"end":{"line":32,"column":null}},"10":{"start":{"line":36,"column":2},"end":{"line":36,"column":null}},"11":{"start":{"line":43,"column":2},"end":{"line":43,"column":null}},"12":{"start":{"line":47,"column":2},"end":{"line":47,"column":null}},"13":{"start":{"line":51,"column":2},"end":{"line":51,"column":null}},"14":{"start":{"line":55,"column":2},"end":{"line":55,"column":null}},"15":{"start":{"line":59,"column":2},"end":{"line":59,"column":null}}},"fnMap":{"0":{"name":"(anonymous_2)","decl":{"start":{"line":3,"column":0},"end":{"line":3,"column":13}},"loc":{"start":{"line":3,"column":0},"end":{"line":60,"column":1}}}},"branchMap":{},"s":{"0":0,"1":0,"2":0,"3":0,"4":0,"5":0,"6":0,"7":0,"8":0,"9":0,"10":0,"11":0,"12":0,"13":0,"14":0,"15":0},"f":{"0":0},"b":{}}
,"/Users/thanushkanth/Documents/CeyGo/ceygo/backend/src/modules/vehicles/dto/search-vehicle.dto.ts": {"path":"/Users/thanushkanth/Documents/CeyGo/ceygo/backend/src/modules/vehicles/dto/search-vehicle.dto.ts","statementMap":{"0":{"start":{"line":1,"column":0},"end":{"line":1,"column":92}},"1":{"start":{"line":2,"column":0},"end":{"line":2,"column":41}},"2":{"start":{"line":44,"column":2},"end":{"line":44,"column":20}},"3":{"start":{"line":50,"column":2},"end":{"line":50,"column":22}},"4":{"start":{"line":54,"column":2},"end":{"line":54,"column":32}},"5":{"start":{"line":58,"column":2},"end":{"line":58,"column":38}},"6":{"start":{"line":4,"column":0},"end":{"line":4,"column":13}},"7":{"start":{"line":7,"column":2},"end":{"line":7,"column":null}},"8":{"start":{"line":11,"column":2},"end":{"line":11,"column":null}},"9":{"start":{"line":15,"column":2},"end":{"line":15,"column":null}},"10":{"start":{"line":20,"column":2},"end":{"line":20,"column":null}},"11":{"start":{"line":19,"column":14},"end":{"line":19,"column":20}},"12":{"start":{"line":25,"column":2},"end":{"line":25,"column":null}},"13":{"start":{"line":24,"column":14},"end":{"line":24,"column":20}},"14":{"start":{"line":30,"column":2},"end":{"line":30,"column":null}},"15":{"start":{"line":29,"column":14},"end":{"line":29,"column":20}},"16":{"start":{"line":34,"column":2},"end":{"line":34,"column":null}},"17":{"start":{"line":38,"column":2},"end":{"line":38,"column":null}},"18":{"start":{"line":44,"column":2},"end":{"line":44,"column":null}},"19":{"start":{"line":43,"column":14},"end":{"line":43,"column":20}},"20":{"start":{"line":50,"column":2},"end":{"line":50,"column":null}},"21":{"start":{"line":49,"column":14},"end":{"line":49,"column":20}},"22":{"start":{"line":54,"column":2},"end":{"line":54,"column":null}},"23":{"start":{"line":58,"column":2},"end":{"line":58,"column":null}}},"fnMap":{"0":{"name":"(anonymous_2)","decl":{"start":{"line":4,"column":0},"end":{"line":4,"column":13}},"loc":{"start":{"line":4,"column":0},"end":{"line":59,"column":1}}},"1":{"name":"(anonymous_3)","decl":{"start":{"line":19,"column":8},"end":{"line":19,"column":11}},"loc":{"start":{"line":19,"column":14},"end":{"line":19,"column":20}}},"2":{"name":"(anonymous_4)","decl":{"start":{"line":24,"column":8},"end":{"line":24,"column":11}},"loc":{"start":{"line":24,"column":14},"end":{"line":24,"column":20}}},"3":{"name":"(anonymous_5)","decl":{"start":{"line":29,"column":8},"end":{"line":29,"column":11}},"loc":{"start":{"line":29,"column":14},"end":{"line":29,"column":20}}},"4":{"name":"(anonymous_6)","decl":{"start":{"line":43,"column":8},"end":{"line":43,"column":11}},"loc":{"start":{"line":43,"column":14},"end":{"line":43,"column":20}}},"5":{"name":"(anonymous_7)","decl":{"start":{"line":49,"column":8},"end":{"line":49,"column":11}},"loc":{"start":{"line":49,"column":14},"end":{"line":49,"column":20}}}},"branchMap":{},"s":{"0":0,"1":0,"2":0,"3":0,"4":0,"5":0,"6":0,"7":0,"8":0,"9":0,"10":0,"11":0,"12":0,"13":0,"14":0,"15":0,"16":0,"17":0,"18":0,"19":0,"20":0,"21":0,"22":0,"23":0},"f":{"0":0,"1":0,"2":0,"3":0,"4":0,"5":0},"b":{}}
,"/Users/thanushkanth/Documents/CeyGo/ceygo/backend/src/modules/vehicles/dto/update-vehicle.dto.ts": {"path":"/Users/thanushkanth/Documents/CeyGo/ceygo/backend/src/modules/vehicles/dto/update-vehicle.dto.ts","statementMap":{"0":{"start":{"line":1,"column":0},"end":{"line":1,"column":51}},"1":{"start":{"line":2,"column":0},"end":{"line":2,"column":56}},"2":{"start":{"line":4,"column":0},"end":{"line":4,"column":13}}},"fnMap":{},"branchMap":{},"s":{"0":0,"1":0,"2":0},"f":{},"b":{}}
,"/Users/thanushkanth/Documents/CeyGo/ceygo/backend/src/modules/vehicles/entities/vehicle.entity.ts": {"path":"/Users/thanushkanth/Documents/CeyGo/ceygo/backend/src/modules/vehicles/entities/vehicle.entity.ts","statementMap":{"0":{"start":{"line":1,"column":0},"end":{"line":1,"column":109}},"1":{"start":{"line":2,"column":0},"end":{"line":2,"column":110}},"2":{"start":{"line":3,"column":0},"end":{"line":3,"column":26}},"3":{"start":{"line":4,"column":0},"end":{"line":4,"column":68}},"4":{"start":{"line":5,"column":0},"end":{"line":5,"column":59}},"5":{"start":{"line":8,"column":7},"end":{"line":115,"column":null}},"6":{"start":{"line":10,"column":2},"end":{"line":10,"column":20}},"7":{"start":{"line":76,"column":2},"end":{"line":76,"column":31}},"8":{"start":{"line":80,"column":2},"end":{"line":80,"column":41}},"9":{"start":{"line":84,"column":2},"end":{"line":84,"column":33}},"10":{"start":{"line":105,"column":2},"end":{"line":105,"column":43}},"11":{"start":{"line":111,"column":2},"end":{"line":111,"column":31}},"12":{"start":{"line":114,"column":2},"end":{"line":114,"column":31}},"13":{"start":{"line":8,"column":13},"end":{"line":8,"column":20}},"14":{"start":{"line":10,"column":2},"end":{"line":10,"column":null}},"15":{"start":{"line":15,"column":2},"end":{"line":15,"column":null}},"16":{"start":{"line":20,"column":2},"end":{"line":20,"column":null}},"17":{"start":{"line":24,"column":2},"end":{"line":24,"column":null}},"18":{"start":{"line":28,"column":2},"end":{"line":28,"column":null}},"19":{"start":{"line":33,"column":2},"end":{"line":33,"column":null}},"20":{"start":{"line":37,"column":2},"end":{"line":37,"column":null}},"21":{"start":{"line":41,"column":2},"end":{"line":41,"column":null}},"22":{"start":{"line":45,"column":2},"end":{"line":45,"column":null}},"23":{"start":{"line":52,"column":2},"end":{"line":52,"column":null}},"24":{"start":{"line":56,"column":2},"end":{"line":56,"column":null}},"25":{"start":{"line":59,"column":2},"end":{"line":59,"column":null}},"26":{"start":{"line":58,"column":19},"end":{"line":58,"column":23}},"27":{"start":{"line":67,"column":2},"end":{"line":67,"column":null}},"28":{"start":{"line":71,"column":2},"end":{"line":71,"column":null}},"29":{"start":{"line":76,"column":2},"end":{"line":76,"column":null}},"30":{"start":{"line":80,"column":2},"end":{"line":80,"column":null}},"31":{"start":{"line":84,"column":2},"end":{"line":84,"column":null}},"32":{"start":{"line":88,"column":2},"end":{"line":88,"column":null}},"33":{"start":{"line":92,"column":2},"end":{"line":92,"column":null}},"34":{"start":{"line":97,"column":2},"end":{"line":97,"column":null}},"35":{"start":{"line":102,"column":2},"end":{"line":102,"column":null}},"36":{"start":{"line":105,"column":2},"end":{"line":105,"column":null}},"37":{"start":{"line":104,"column":19},"end":{"line":104,"column":26}},"38":{"start":{"line":104,"column":50},"end":{"line":104,"column":65}},"39":{"start":{"line":108,"column":2},"end":{"line":108,"column":null}},"40":{"start":{"line":111,"column":2},"end":{"line":111,"column":null}},"41":{"start":{"line":110,"column":30},"end":{"line":110,"column":40}},"42":{"start":{"line":114,"column":2},"end":{"line":114,"column":null}},"43":{"start":{"line":113,"column":30},"end":{"line":113,"column":40}},"44":{"start":{"line":8,"column":13},"end":{"line":115,"column":null}}},"fnMap":{"0":{"name":"(anonymous_2)","decl":{"start":{"line":8,"column":7},"end":{"line":8,"column":13}},"loc":{"start":{"line":8,"column":7},"end":{"line":115,"column":1}}},"1":{"name":"(anonymous_3)","decl":{"start":{"line":58,"column":13},"end":{"line":58,"column":16}},"loc":{"start":{"line":58,"column":19},"end":{"line":58,"column":23}}},"2":{"name":"(anonymous_4)","decl":{"start":{"line":104,"column":13},"end":{"line":104,"column":16}},"loc":{"start":{"line":104,"column":19},"end":{"line":104,"column":26}}},"3":{"name":"(anonymous_5)","decl":{"start":{"line":104,"column":28},"end":{"line":104,"column":29}},"loc":{"start":{"line":104,"column":50},"end":{"line":104,"column":65}}},"4":{"name":"(anonymous_6)","decl":{"start":{"line":110,"column":24},"end":{"line":110,"column":27}},"loc":{"start":{"line":110,"column":30},"end":{"line":110,"column":40}}},"5":{"name":"(anonymous_7)","decl":{"start":{"line":113,"column":24},"end":{"line":113,"column":27}},"loc":{"start":{"line":113,"column":30},"end":{"line":113,"column":40}}}},"branchMap":{},"s":{"0":2,"1":2,"2":2,"3":2,"4":2,"5":2,"6":5,"7":5,"8":5,"9":5,"10":5,"11":5,"12":5,"13":2,"14":2,"15":2,"16":2,"17":2,"18":2,"19":2,"20":2,"21":2,"22":2,"23":2,"24":2,"25":2,"26":0,"27":2,"28":2,"29":2,"30":2,"31":2,"32":2,"33":2,"34":2,"35":2,"36":2,"37":0,"38":0,"39":2,"40":2,"41":0,"42":2,"43":0,"44":2},"f":{"0":5,"1":0,"2":0,"3":0,"4":0,"5":0},"b":{}}
}
